#
# There is insufficient memory for the Java Runtime Environment to continue.
# Native memory allocation (malloc) failed to allocate 131088 bytes for Chunk::new
# Possible reasons:
#   The system is out of physical RAM or swap space
#   In 32 bit mode, the process size limit was hit
# Possible solutions:
#   Reduce memory load on the system
#   Increase physical memory or swap space
#   Check if swap backing store is full
#   Use 64 bit Java on a 64 bit OS
#   Decrease Java heap size (-Xmx/-Xms)
#   Decrease number of Java threads
#   Decrease Java thread stack sizes (-Xss)
#   Set larger code cache with -XX:ReservedCodeCacheSize=
# This output file may be truncated or incomplete.
#
#  Out of Memory Error (allocation.cpp:390), pid=8832, tid=0x0000000000002f5c
#
# JRE version: Java(TM) SE Runtime Environment (8.0_121-b13) (build 1.8.0_121-b13)
# Java VM: Java HotSpot(TM) 64-Bit Server VM (25.121-b13 mixed mode windows-amd64 compressed oops)
# Failed to write core dump. Minidumps are not enabled by default on client versions of Windows
#

---------------  T H R E A D  ---------------

Current thread (0x0000000016aeb000):  JavaThread "C2 CompilerThread1" daemon [_thread_in_native, id=12124, stack(0x00000000171e0000,0x00000000172e0000)]

Stack: [0x00000000171e0000,0x00000000172e0000]
[error occurred during error reporting (printing stack bounds), id 0xc0000005]

Native frames: (J=compiled Java code, j=interpreted, Vv=VM code, C=native code)


Current CompileTask:
C2:  25212 4119   !   4       org.apache.catalina.startup.ContextConfig::checkHandlesTypes (453 bytes)


---------------  P R O C E S S  ---------------

Java Threads: ( => current thread )
  0x0000000019846800 JavaThread "Thread-2" daemon [_thread_in_native, id=8380, stack(0x0000000020f90000,0x0000000021090000)]
  0x00000000181e3800 JavaThread "localhost-startStop-1" daemon [_thread_in_Java, id=5436, stack(0x000000001cb50000,0x000000001cc50000)]
  0x0000000018468000 JavaThread "Tomcat-startStop-1" daemon [_thread_blocked, id=6548, stack(0x000000001ca50000,0x000000001cb50000)]
  0x0000000016b30000 JavaThread "Service Thread" daemon [_thread_blocked, id=10040, stack(0x00000000173e0000,0x00000000174e0000)]
  0x0000000016af0000 JavaThread "C1 CompilerThread2" daemon [_thread_in_vm, id=9896, stack(0x00000000172e0000,0x00000000173e0000)]
=>0x0000000016aeb000 JavaThread "C2 CompilerThread1" daemon [_thread_in_native, id=12124, stack(0x00000000171e0000,0x00000000172e0000)]
  0x00000000157ce000 JavaThread "C2 CompilerThread0" daemon [_thread_in_native, id=5768, stack(0x00000000170e0000,0x00000000171e0000)]
  0x000000001577e000 JavaThread "Attach Listener" daemon [_thread_blocked, id=11380, stack(0x0000000016fe0000,0x00000000170e0000)]
  0x0000000016ae8800 JavaThread "Signal Dispatcher" daemon [_thread_blocked, id=10112, stack(0x0000000016ee0000,0x0000000016fe0000)]
  0x000000001575a800 JavaThread "Finalizer" daemon [_thread_blocked, id=5816, stack(0x00000000169e0000,0x0000000016ae0000)]
  0x0000000015739000 JavaThread "Reference Handler" daemon [_thread_blocked, id=6088, stack(0x00000000168e0000,0x00000000169e0000)]
  0x0000000003020800 JavaThread "main" [_thread_blocked, id=5588, stack(0x0000000002e40000,0x0000000002f40000)]

Other Threads:
  0x0000000015737000 VMThread [stack: 0x00000000167e0000,0x00000000168e0000] [id=1332]
  0x0000000016b75000 WatcherThread [stack: 0x00000000174e0000,0x00000000175e0000] [id=5640]

VM state:not at safepoint (normal execution)

VM Mutex/Monitor currently owned by a thread: None

Heap:
 PSYoungGen      total 190464K, used 64408K [0x00000000eaf80000, 0x00000000f9280000, 0x0000000100000000)
  eden space 174592K, 27% used [0x00000000eaf80000,0x00000000edee9680,0x00000000f5a00000)
  from space 15872K, 99% used [0x00000000f6f80000,0x00000000f7efcca0,0x00000000f7f00000)
  to   space 22016K, 0% used [0x00000000f5a00000,0x00000000f5a00000,0x00000000f6f80000)
 ParOldGen       total 82432K, used 55699K [0x00000000c0e00000, 0x00000000c5e80000, 0x00000000eaf80000)
  object space 82432K, 67% used [0x00000000c0e00000,0x00000000c4464ea0,0x00000000c5e80000)
 Metaspace       used 31522K, capacity 32108K, committed 32384K, reserved 1077248K
  class space    used 3755K, capacity 3944K, committed 3968K, reserved 1048576K

Card table byte_map: [0x00000000124e0000,0x00000000126e0000] byte_map_base: 0x0000000011ed9000

Marking Bits: (ParMarkBitMap*) 0x000000006d3eb6d0
 Begin Bits: [0x0000000012c40000, 0x0000000013c08000)
 End Bits:   [0x0000000013c08000, 0x0000000014bd0000)

Polling page: 0x00000000013a0000

CodeCache: size=245760Kb used=13466Kb max_used=13466Kb free=232293Kb
 bounds [0x0000000003120000, 0x0000000003e60000, 0x0000000012120000]
 total_blobs=4605 nmethods=4183 adapters=334
 compilation: enabled

Compilation events (10 events):
Event: 25.177 Thread 0x0000000016af0000 4822       2       java.util.Date::getTime (5 bytes)
Event: 25.178 Thread 0x0000000016af0000 nmethod 4822 0x0000000003e4e310 code [0x0000000003e4e480, 0x0000000003e4e628]
Event: 25.180 Thread 0x0000000016af0000 4823       2       org.springframework.beans.PropertyValue::<init> (98 bytes)
Event: 25.181 Thread 0x0000000016af0000 nmethod 4823 0x0000000003e4e710 code [0x0000000003e4e8c0, 0x0000000003e4eca8]
Event: 25.181 Thread 0x0000000016af0000 4824       2       org.springframework.beans.factory.support.AbstractBeanFactory::isTypeMatch (381 bytes)
Event: 25.184 Thread 0x0000000016af0000 nmethod 4824 0x0000000003e4ee90 code [0x0000000003e4f220, 0x0000000003e50478]
Event: 25.190 Thread 0x0000000016af0000 4825       2       java.lang.reflect.Field::getDeclaredAnnotations (8 bytes)
Event: 25.190 Thread 0x0000000016af0000 nmethod 4825 0x0000000003e51650 code [0x0000000003e517e0, 0x0000000003e51a08]
Event: 25.193 Thread 0x0000000016af0000 4826       2       java.lang.Class$MethodArray::compactAndTrim (69 bytes)
Event: 25.194 Thread 0x0000000016af0000 nmethod 4826 0x0000000003e51b10 code [0x0000000003e51c80, 0x0000000003e51fc8]

GC Heap History (10 events):
Event: 18.092 GC heap before
{Heap before GC invocations=10 (full 1):
 PSYoungGen      total 139776K, used 130560K [0x00000000eaf80000, 0x00000000f4280000, 0x0000000100000000)
  eden space 130560K, 100% used [0x00000000eaf80000,0x00000000f2f00000,0x00000000f2f00000)
  from space 9216K, 0% used [0x00000000f3880000,0x00000000f3880000,0x00000000f4180000)
  to   space 9728K, 0% used [0x00000000f2f00000,0x00000000f2f00000,0x00000000f3880000)
 ParOldGen       total 39936K, used 12779K [0x00000000c0e00000, 0x00000000c3500000, 0x00000000eaf80000)
  object space 39936K, 31% used [0x00000000c0e00000,0x00000000c1a7ac10,0x00000000c3500000)
 Metaspace       used 23458K, capacity 23912K, committed 24192K, reserved 1071104K
  class space    used 2750K, capacity 2901K, committed 2944K, reserved 1048576K
Event: 18.113 GC heap after
Heap after GC invocations=10 (full 1):
 PSYoungGen      total 140288K, used 9716K [0x00000000eaf80000, 0x00000000f7f00000, 0x0000000100000000)
  eden space 130560K, 0% used [0x00000000eaf80000,0x00000000eaf80000,0x00000000f2f00000)
  from space 9728K, 99% used [0x00000000f2f00000,0x00000000f387d380,0x00000000f3880000)
  to   space 15872K, 0% used [0x00000000f6f80000,0x00000000f6f80000,0x00000000f7f00000)
 ParOldGen       total 39936K, used 24473K [0x00000000c0e00000, 0x00000000c3500000, 0x00000000eaf80000)
  object space 39936K, 61% used [0x00000000c0e00000,0x00000000c25e66d8,0x00000000c3500000)
 Metaspace       used 23458K, capacity 23912K, committed 24192K, reserved 1071104K
  class space    used 2750K, capacity 2901K, committed 2944K, reserved 1048576K
}
Event: 19.081 GC heap before
{Heap before GC invocations=11 (full 1):
 PSYoungGen      total 140288K, used 140276K [0x00000000eaf80000, 0x00000000f7f00000, 0x0000000100000000)
  eden space 130560K, 100% used [0x00000000eaf80000,0x00000000f2f00000,0x00000000f2f00000)
  from space 9728K, 99% used [0x00000000f2f00000,0x00000000f387d380,0x00000000f3880000)
  to   space 15872K, 0% used [0x00000000f6f80000,0x00000000f6f80000,0x00000000f7f00000)
 ParOldGen       total 39936K, used 24473K [0x00000000c0e00000, 0x00000000c3500000, 0x00000000eaf80000)
  object space 39936K, 61% used [0x00000000c0e00000,0x00000000c25e66d8,0x00000000c3500000)
 Metaspace       used 23460K, capacity 23912K, committed 24192K, reserved 1071104K
  class space    used 2750K, capacity 2901K, committed 2944K, reserved 1048576K
Event: 19.123 GC heap after
Heap after GC invocations=11 (full 1):
 PSYoungGen      total 190464K, used 15844K [0x00000000eaf80000, 0x00000000f9280000, 0x0000000100000000)
  eden space 174592K, 0% used [0x00000000eaf80000,0x00000000eaf80000,0x00000000f5a00000)
  from space 15872K, 99% used [0x00000000f6f80000,0x00000000f7ef93a0,0x00000000f7f00000)
  to   space 22016K, 0% used [0x00000000f5a00000,0x00000000f5a00000,0x00000000f6f80000)
 ParOldGen       total 39936K, used 34799K [0x00000000c0e00000, 0x00000000c3500000, 0x00000000eaf80000)
  object space 39936K, 87% used [0x00000000c0e00000,0x00000000c2ffbd80,0x00000000c3500000)
 Metaspace       used 23460K, capacity 23912K, committed 24192K, reserved 1071104K
  class space    used 2750K, capacity 2901K, committed 2944K, reserved 1048576K
}
Event: 19.123 GC heap before
{Heap before GC invocations=12 (full 2):
 PSYoungGen      total 190464K, used 15844K [0x00000000eaf80000, 0x00000000f9280000, 0x0000000100000000)
  eden space 174592K, 0% used [0x00000000eaf80000,0x00000000eaf80000,0x00000000f5a00000)
  from space 15872K, 99% used [0x00000000f6f80000,0x00000000f7ef93a0,0x00000000f7f00000)
  to   space 22016K, 0% used [0x00000000f5a00000,0x00000000f5a00000,0x00000000f6f80000)
 ParOldGen       total 39936K, used 34799K [0x00000000c0e00000, 0x00000000c3500000, 0x00000000eaf80000)
  object space 39936K, 87% used [0x00000000c0e00000,0x00000000c2ffbd80,0x00000000c3500000)
 Metaspace       used 23460K, capacity 23912K, committed 24192K, reserved 1071104K
  class space    used 2750K, capacity 2901K, committed 2944K, reserved 1048576K
Event: 19.277 GC heap after
Heap after GC invocations=12 (full 2):
 PSYoungGen      total 190464K, used 0K [0x00000000eaf80000, 0x00000000f9280000, 0x0000000100000000)
  eden space 174592K, 0% used [0x00000000eaf80000,0x00000000eaf80000,0x00000000f5a00000)
  from space 15872K, 0% used [0x00000000f6f80000,0x00000000f6f80000,0x00000000f7f00000)
  to   space 22016K, 0% used [0x00000000f5a00000,0x00000000f5a00000,0x00000000f6f80000)
 ParOldGen       total 82432K, used 36915K [0x00000000c0e00000, 0x00000000c5e80000, 0x00000000eaf80000)
  object space 82432K, 44% used [0x00000000c0e00000,0x00000000c320ce40,0x00000000c5e80000)
 Metaspace       used 23460K, capacity 23912K, committed 24192K, reserved 1071104K
  class space    used 2750K, capacity 2901K, committed 2944K, reserved 1048576K
}
Event: 20.868 GC heap before
{Heap before GC invocations=13 (full 2):
 PSYoungGen      total 190464K, used 174592K [0x00000000eaf80000, 0x00000000f9280000, 0x0000000100000000)
  eden space 174592K, 100% used [0x00000000eaf80000,0x00000000f5a00000,0x00000000f5a00000)
  from space 15872K, 0% used [0x00000000f6f80000,0x00000000f6f80000,0x00000000f7f00000)
  to   space 22016K, 0% used [0x00000000f5a00000,0x00000000f5a00000,0x00000000f6f80000)
 ParOldGen       total 82432K, used 36915K [0x00000000c0e00000, 0x00000000c5e80000, 0x00000000eaf80000)
  object space 82432K, 44% used [0x00000000c0e00000,0x00000000c320ce40,0x00000000c5e80000)
 Metaspace       used 23491K, capacity 23986K, committed 24192K, reserved 1071104K
  class space    used 2754K, capacity 2903K, committed 2944K, reserved 1048576K
Event: 20.922 GC heap after
Heap after GC invocations=13 (full 2):
 PSYoungGen      total 196608K, used 21990K [0x00000000eaf80000, 0x00000000f9280000, 0x0000000100000000)
  eden space 174592K, 0% used [0x00000000eaf80000,0x00000000eaf80000,0x00000000f5a00000)
  from space 22016K, 99% used [0x00000000f5a00000,0x00000000f6f79908,0x00000000f6f80000)
  to   space 15872K, 0% used [0x00000000f6f80000,0x00000000f6f80000,0x00000000f7f00000)
 ParOldGen       total 82432K, used 42531K [0x00000000c0e00000, 0x00000000c5e80000, 0x00000000eaf80000)
  object space 82432K, 51% used [0x00000000c0e00000,0x00000000c3788cd8,0x00000000c5e80000)
 Metaspace       used 23491K, capacity 23986K, committed 24192K, reserved 1071104K
  class space    used 2754K, capacity 2903K, committed 2944K, reserved 1048576K
}
Event: 22.301 GC heap before
{Heap before GC invocations=14 (full 2):
 PSYoungGen      total 196608K, used 196582K [0x00000000eaf80000, 0x00000000f9280000, 0x0000000100000000)
  eden space 174592K, 100% used [0x00000000eaf80000,0x00000000f5a00000,0x00000000f5a00000)
  from space 22016K, 99% used [0x00000000f5a00000,0x00000000f6f79908,0x00000000f6f80000)
  to   space 15872K, 0% used [0x00000000f6f80000,0x00000000f6f80000,0x00000000f7f00000)
 ParOldGen       total 82432K, used 42531K [0x00000000c0e00000, 0x00000000c5e80000, 0x00000000eaf80000)
  object space 82432K, 51% used [0x00000000c0e00000,0x00000000c3788cd8,0x00000000c5e80000)
 Metaspace       used 24121K, capacity 24602K, committed 24832K, reserved 1071104K
  class space    used 2831K, capacity 3003K, committed 3072K, reserved 1048576K
Event: 22.345 GC heap after
Heap after GC invocations=14 (full 2):
 PSYoungGen      total 190464K, used 15859K [0x00000000eaf80000, 0x00000000f9280000, 0x0000000100000000)
  eden space 174592K, 0% used [0x00000000eaf80000,0x00000000eaf80000,0x00000000f5a00000)
  from space 15872K, 99% used [0x00000000f6f80000,0x00000000f7efcca0,0x00000000f7f00000)
  to   space 22016K, 0% used [0x00000000f5a00000,0x00000000f5a00000,0x00000000f6f80000)
 ParOldGen       total 82432K, used 55699K [0x00000000c0e00000, 0x00000000c5e80000, 0x00000000eaf80000)
  object space 82432K, 67% used [0x00000000c0e00000,0x00000000c4464ea0,0x00000000c5e80000)
 Metaspace       used 24121K, capacity 24602K, committed 24832K, reserved 1071104K
  class space    used 2831K, capacity 3003K, committed 3072K, reserved 1048576K
}

Deoptimization events (10 events):
Event: 23.115 Thread 0x00000000181e3800 Uncommon trap: reason=unstable_if action=reinterpret pc=0x0000000003b2e19c method=java.util.StringTokenizer.setMaxDelimCodePoint()V @ 71
Event: 23.416 Thread 0x00000000181e3800 Uncommon trap: reason=class_check action=maybe_recompile pc=0x0000000003b74d50 method=java.util.regex.Pattern$Branch.match(Ljava/util/regex/Matcher;ILjava/lang/CharSequence;)Z @ 50
Event: 23.416 Thread 0x00000000181e3800 Uncommon trap: reason=class_check action=maybe_recompile pc=0x0000000003b74d50 method=java.util.regex.Pattern$Branch.match(Ljava/util/regex/Matcher;ILjava/lang/CharSequence;)Z @ 50
Event: 23.416 Thread 0x00000000181e3800 Uncommon trap: reason=class_check action=maybe_recompile pc=0x0000000003b74d50 method=java.util.regex.Pattern$Branch.match(Ljava/util/regex/Matcher;ILjava/lang/CharSequence;)Z @ 50
Event: 23.416 Thread 0x00000000181e3800 Uncommon trap: reason=class_check action=maybe_recompile pc=0x0000000003b74d50 method=java.util.regex.Pattern$Branch.match(Ljava/util/regex/Matcher;ILjava/lang/CharSequence;)Z @ 50
Event: 23.731 Thread 0x00000000181e3800 Uncommon trap: reason=unstable_if action=reinterpret pc=0x0000000003c8b9b4 method=com.sun.org.apache.xerces.internal.impl.XMLEntityScanner.scanLiteral(ILcom/sun/org/apache/xerces/internal/xni/XMLString;Z)I @ 660
Event: 23.753 Thread 0x00000000181e3800 Uncommon trap: reason=unstable_if action=reinterpret pc=0x00000000038fab30 method=java.util.Hashtable$Enumerator.nextElement()Ljava/lang/Object; @ 16
Event: 23.753 Thread 0x00000000181e3800 Uncommon trap: reason=unstable_if action=reinterpret pc=0x0000000003878220 method=java.util.Hashtable$Enumerator.nextElement()Ljava/lang/Object; @ 16
Event: 24.135 Thread 0x00000000181e3800 Uncommon trap: reason=predicate action=maybe_recompile pc=0x000000000341b8a0 method=sun.net.www.ParseUtil.encodePath(Ljava/lang/String;Z)Ljava/lang/String; @ 36
Event: 24.216 Thread 0x00000000181e3800 Uncommon trap: reason=unstable_if action=reinterpret pc=0x00000000038e58b0 method=java.util.ArrayList.remove(Ljava/lang/Object;)Z @ 59

Internal exceptions (10 events):
Event: 24.980 Thread 0x00000000181e3800 Exception <a 'java/lang/ClassNotFoundException': org/springframework/aop/framework/autoproxy/AbstractAutoProxyCreatorBeanInfo> (0x00000000eda18ca8) thrown at [C:\re\workspace\8-2-build-windows-amd64-cygwin\jdk8u121\8372\hotspot\src\share\vm\classfile\syst
Event: 24.981 Thread 0x00000000181e3800 Exception <a 'java/lang/ClassNotFoundException': org/springframework/aop/framework/ProxyProcessorSupportBeanInfo> (0x00000000eda39808) thrown at [C:\re\workspace\8-2-build-windows-amd64-cygwin\jdk8u121\8372\hotspot\src\share\vm\classfile\systemDictionary.
Event: 24.982 Thread 0x00000000181e3800 Exception <a 'java/lang/ClassNotFoundException': org/springframework/aop/framework/ProxyConfigBeanInfo> (0x00000000eda575a0) thrown at [C:\re\workspace\8-2-build-windows-amd64-cygwin\jdk8u121\8372\hotspot\src\share\vm\classfile\systemDictionary.cpp, line 
Event: 24.982 Thread 0x00000000181e3800 Exception <a 'java/lang/ClassNotFoundException': org/springframework/aop/framework/ProxyConfigCustomizer> (0x00000000eda75950) thrown at [C:\re\workspace\8-2-build-windows-amd64-cygwin\jdk8u121\8372\hotspot\src\share\vm\classfile\systemDictionary.cpp, lin
Event: 24.984 Thread 0x00000000181e3800 Exception <a 'java/lang/ClassNotFoundException': org/springframework/aop/framework/ProxyProcessorSupportCustomizer> (0x00000000edaa4220) thrown at [C:\re\workspace\8-2-build-windows-amd64-cygwin\jdk8u121\8372\hotspot\src\share\vm\classfile\systemDictionar
Event: 24.991 Thread 0x00000000181e3800 Exception <a 'java/lang/ClassNotFoundException': org/springframework/aop/framework/autoproxy/AbstractAutoProxyCreatorCustomizer> (0x00000000edacffc0) thrown at [C:\re\workspace\8-2-build-windows-amd64-cygwin\jdk8u121\8372\hotspot\src\share\vm\classfile\sy
Event: 24.993 Thread 0x00000000181e3800 Exception <a 'java/lang/ClassNotFoundException': org/springframework/aop/framework/autoproxy/AbstractAdvisorAutoProxyCreatorCustomizer> (0x00000000edb0fee0) thrown at [C:\re\workspace\8-2-build-windows-amd64-cygwin\jdk8u121\8372\hotspot\src\share\vm\class
Event: 24.995 Thread 0x00000000181e3800 Exception <a 'java/lang/ClassNotFoundException': org/springframework/aop/aspectj/autoproxy/AspectJAwareAdvisorAutoProxyCreatorCustomizer> (0x00000000edb3dff8) thrown at [C:\re\workspace\8-2-build-windows-amd64-cygwin\jdk8u121\8372\hotspot\src\share\vm\cla
Event: 25.195 Thread 0x00000000181e3800 Exception <a 'java/lang/ClassNotFoundException': org/springframework/aop/support/DefaultBeanFactoryPointcutAdvisorBeanInfo> (0x00000000edc306d8) thrown at [C:\re\workspace\8-2-build-windows-amd64-cygwin\jdk8u121\8372\hotspot\src\share\vm\classfile\systemD
Event: 25.197 Thread 0x00000000181e3800 Exception <a 'java/lang/ClassNotFoundException': org/springframework/aop/support/AbstractBeanFactoryPointcutAdvisorBeanInfo> (0x00000000edc547f0) thrown at [C:\re\workspace\8-2-build-windows-amd64-cygwin\jdk8u121\8372\hotspot\src\share\vm\classfile\system

Events (10 events):
Event: 25.196 loading class org/springframework/aop/support/AbstractBeanFactoryPointcutAdvisorBeanInfo
Event: 25.196 loading class org/springframework/aop/support/AbstractBeanFactoryPointcutAdvisorBeanInfo done
Event: 25.196 loading class org/springframework/aop/support/AbstractBeanFactoryPointcutAdvisorBeanInfo
Event: 25.196 loading class org/springframework/aop/support/AbstractBeanFactoryPointcutAdvisorBeanInfo done
Event: 25.197 loading class org/springframework/aop/support/AbstractBeanFactoryPointcutAdvisorBeanInfo
Event: 25.197 loading class org/springframework/aop/support/AbstractBeanFactoryPointcutAdvisorBeanInfo done
Event: 25.197 loading class org/springframework/aop/support/AbstractBeanFactoryPointcutAdvisorBeanInfo
Event: 25.197 loading class org/springframework/aop/support/AbstractBeanFactoryPointcutAdvisorBeanInfo done
Event: 25.197 loading class org/springframework/aop/support/AbstractPointcutAdvisorBeanInfo
Event: 25.197 loading class org/springframework/aop/support/AbstractPointcutAdvisorBeanInfo done


Dynamic libraries:
0x00007ff6a88c0000 - 0x00007ff6a88f7000 	G:\java-using\jdk\jre\bin\javaw.exe
0x00007fff370a0000 - 0x00007fff37271000 	C:\WINDOWS\SYSTEM32\ntdll.dll
0x00007fff34ad0000 - 0x00007fff34b7c000 	C:\WINDOWS\System32\KERNEL32.DLL
0x00007fff33590000 - 0x00007fff337ad000 	C:\WINDOWS\System32\KERNELBASE.dll
0x00007fff34de0000 - 0x00007fff34e82000 	C:\WINDOWS\System32\ADVAPI32.dll
0x00007fff34830000 - 0x00007fff348ce000 	C:\WINDOWS\System32\msvcrt.dll
0x00007fff352c0000 - 0x00007fff35319000 	C:\WINDOWS\System32\sechost.dll
0x00007fff34940000 - 0x00007fff34a61000 	C:\WINDOWS\System32\RPCRT4.dll
0x00007fff35420000 - 0x00007fff35585000 	C:\WINDOWS\System32\USER32.dll
0x00007fff33ca0000 - 0x00007fff33cbe000 	C:\WINDOWS\System32\win32u.dll
0x00007fff35320000 - 0x00007fff35354000 	C:\WINDOWS\System32\GDI32.dll
0x00007fff33dc0000 - 0x00007fff33f42000 	C:\WINDOWS\System32\gdi32full.dll
0x00007fff27300000 - 0x00007fff2757a000 	C:\WINDOWS\WinSxS\amd64_microsoft.windows.common-controls_6595b64144ccf1df_6.0.14393.953_none_42151e83c686086b\COMCTL32.dll
0x00007fff36d60000 - 0x00007fff37028000 	C:\WINDOWS\System32\combase.dll
0x00007fff33cc0000 - 0x00007fff33db5000 	C:\WINDOWS\System32\ucrtbase.dll
0x00007fff33a60000 - 0x00007fff33aca000 	C:\WINDOWS\System32\bcryptPrimitives.dll
0x00007fff34800000 - 0x00007fff3482e000 	C:\WINDOWS\System32\IMM32.DLL
0x000000006d470000 - 0x000000006d542000 	G:\java-using\jdk\jre\bin\msvcr100.dll
0x000000006cbd0000 - 0x000000006d46b000 	G:\java-using\jdk\jre\bin\server\jvm.dll
0x00007fff34630000 - 0x00007fff34638000 	C:\WINDOWS\System32\PSAPI.DLL
0x00007fff171e0000 - 0x00007fff171e9000 	C:\WINDOWS\SYSTEM32\WSOCK32.dll
0x00007fff30c40000 - 0x00007fff30c63000 	C:\WINDOWS\SYSTEM32\WINMM.dll
0x00007fff26a50000 - 0x00007fff26a5a000 	C:\WINDOWS\SYSTEM32\VERSION.dll
0x00007fff35590000 - 0x00007fff355fa000 	C:\WINDOWS\System32\WS2_32.dll
0x00007fff30c10000 - 0x00007fff30c3b000 	C:\WINDOWS\SYSTEM32\WINMMBASE.dll
0x00007fff33a10000 - 0x00007fff33a52000 	C:\WINDOWS\System32\cfgmgr32.dll
0x000000006cbc0000 - 0x000000006cbcf000 	G:\java-using\jdk\jre\bin\verify.dll
0x000000006cb90000 - 0x000000006cbb9000 	G:\java-using\jdk\jre\bin\java.dll
0x000000006cb70000 - 0x000000006cb86000 	G:\java-using\jdk\jre\bin\zip.dll
0x00007fff356a0000 - 0x00007fff36ba8000 	C:\WINDOWS\System32\SHELL32.dll
0x00007fff33f50000 - 0x00007fff3462a000 	C:\WINDOWS\System32\windows.storage.dll
0x00007fff33530000 - 0x00007fff3357c000 	C:\WINDOWS\System32\powrprof.dll
0x00007fff37030000 - 0x00007fff37082000 	C:\WINDOWS\System32\shlwapi.dll
0x00007fff33500000 - 0x00007fff3350f000 	C:\WINDOWS\System32\kernel.appcore.dll
0x00007fff33900000 - 0x00007fff339a9000 	C:\WINDOWS\System32\shcore.dll
0x00007fff33510000 - 0x00007fff33524000 	C:\WINDOWS\System32\profapi.dll
0x000000006cb50000 - 0x000000006cb6a000 	G:\java-using\jdk\jre\bin\net.dll
0x00007fff32db0000 - 0x00007fff32e0c000 	C:\WINDOWS\system32\mswsock.dll
0x000000006cb30000 - 0x000000006cb41000 	G:\java-using\jdk\jre\bin\nio.dll
0x00007fff32f50000 - 0x00007fff32f67000 	C:\WINDOWS\SYSTEM32\CRYPTSP.dll
0x00007fff329b0000 - 0x00007fff329e3000 	C:\WINDOWS\system32\rsaenh.dll
0x00007fff33440000 - 0x00007fff3346b000 	C:\WINDOWS\SYSTEM32\bcrypt.dll
0x00007fff32c30000 - 0x00007fff32c4f000 	C:\WINDOWS\SYSTEM32\USERENV.dll
0x00007fff33430000 - 0x00007fff3343b000 	C:\WINDOWS\SYSTEM32\CRYPTBASE.dll
0x00007fff32b30000 - 0x00007fff32b68000 	C:\WINDOWS\SYSTEM32\IPHLPAPI.DLL
0x00007fff36d50000 - 0x00007fff36d58000 	C:\WINDOWS\System32\NSI.dll
0x00007fff2e240000 - 0x00007fff2e256000 	C:\WINDOWS\SYSTEM32\dhcpcsvc6.DLL
0x00007fff2e6d0000 - 0x00007fff2e6ea000 	C:\WINDOWS\SYSTEM32\dhcpcsvc.DLL
0x000000006cb20000 - 0x000000006cb2d000 	G:\java-using\jdk\jre\bin\management.dll

VM Arguments:
jvm_args: -Dmaven.home=G:\3shixun\eclipse-jee-neon-R-win32-x86_64\eclipse\maven\apache-maven-3.3.9 -Dclassworlds.conf=G:\3shixun\project\.metadata\.plugins\org.eclipse.m2e.launching\launches\m2conf7058538615753403613.tmp -Dmaven.multiModuleProjectDirectory=G:\3shixun\project\yueerMusic -Dfile.encoding=UTF-8 
java_command: org.codehaus.plexus.classworlds.launcher.Launcher -B -s G:\3shixun\eclipse-jee-neon-R-win32-x86_64\eclipse\maven\apache-maven-3.3.9\conf\settings.xml tomcat7:run
java_class_path (initial): G:\3shixun\eclipse-jee-neon-R-win32-x86_64\eclipse\maven\apache-maven-3.3.9\boot\plexus-classworlds-2.5.2.jar
Launcher Type: SUN_STANDARD

Environment Variables:
JAVA_HOME=G:\java-using\jdk
CLASSPATH=G:\java-using\aspecj\lib\aspectjrt.jar
PATH=G:/java-using/jre/bin/server;G:/java-using/jre/bin;G:/java-using/jre/lib/amd64;G:\oracle\oracle\product\11.2.0\dbhome_1\bin;C:\ProgramData\Oracle\Java\javapath;C:\Program Files (x86)\Intel\iCLS Client\;C:\Program Files\Intel\iCLS Client\;C:\WINDOWS\system32;C:\WINDOWS;C:\WINDOWS\System32\Wbem;C:\WINDOWS\System32\WindowsPowerShell\v1.0\;C:\Program Files\Microsoft SQL Server\110\Tools\Binn\;G:\java-using\jdk\bin;G:\mysols\bin;C:\Program Files (x86)\Windows Kits\8.1\Windows Performance Toolkit\;C:\Program Files\TortoiseSVN\bin;G:\OpenSSH\bin;C:\Program Files (x86)\GtkSharp\2.12\bin;G:\githud\Git\cmd;C:\Users\dzb\Anaconda3;C:\Users\dzb\Anaconda3\Scripts;G:\cocos2d-x\cocos2d-x-3.15.1\templates;G:\cocos2d-x\cocos2d-x-3.15.1\tools\cocos2d-console\bin;C:\Users\dzb\AppData\Local\Microsoft\WindowsApps;G:\Python\;G:\Python\Scripts\;C:\Program Files\MongoDB\Server\3.4\bin;G:\java-using\aspecj\bin.;G:\ORACLECLIET\OraClient Lite\product\11.2.0\client_lite\bin;G:\3shixun\eclipse-jee-neon-R-win32-x86_64\eclipse;
USERNAME=dzb
OS=Windows_NT
PROCESSOR_IDENTIFIER=Intel64 Family 6 Model 69 Stepping 1, GenuineIntel



---------------  S Y S T E M  ---------------

OS: Windows 10.0 , 64 bit Build 14393 (10.0.14393.1198)

CPU:total 4 (2 cores per cpu, 2 threads per core) family 6 model 69 stepping 1, cmov, cx8, fxsr, mmx, sse, sse2, sse3, ssse3, sse4.1, sse4.2, popcnt, avx, avx2, aes, clmul, erms, lzcnt, ht, tsc, tscinvbit, bmi1, bmi2

Memory: 4k page, physical 4133144k(421988k free), swap 7208440k(7264k free)

vm_info: Java HotSpot(TM) 64-Bit Server VM (25.121-b13) for windows-amd64 JRE (1.8.0_121-b13), built on Dec 12 2016 18:21:36 by "java_re" with MS VC++ 10.0 (VS2010)

time: Tue Jan 09 11:39:33 2018
elapsed time: 25 seconds (0d 0h 0m 25s)

