#
# There is insufficient memory for the Java Runtime Environment to continue.
# Native memory allocation (malloc) failed to allocate 2320016 bytes for Chunk::new
# Possible reasons:
#   The system is out of physical RAM or swap space
#   In 32 bit mode, the process size limit was hit
# Possible solutions:
#   Reduce memory load on the system
#   Increase physical memory or swap space
#   Check if swap backing store is full
#   Use 64 bit Java on a 64 bit OS
#   Decrease Java heap size (-Xmx/-Xms)
#   Decrease number of Java threads
#   Decrease Java thread stack sizes (-Xss)
#   Set larger code cache with -XX:ReservedCodeCacheSize=
# This output file may be truncated or incomplete.
#
#  Out of Memory Error (allocation.cpp:390), pid=9028, tid=0x0000000000001abc
#
# JRE version: Java(TM) SE Runtime Environment (8.0_121-b13) (build 1.8.0_121-b13)
# Java VM: Java HotSpot(TM) 64-Bit Server VM (25.121-b13 mixed mode windows-amd64 compressed oops)
# Failed to write core dump. Minidumps are not enabled by default on client versions of Windows
#

---------------  T H R E A D  ---------------

Current thread (0x0000000014dec800):  JavaThread "C2 CompilerThread1" daemon [_thread_in_native, id=6844, stack(0x00000000167f0000,0x00000000168f0000)]

Stack: [0x00000000167f0000,0x00000000168f0000]
[error occurred during error reporting (printing stack bounds), id 0xc0000005]

Native frames: (J=compiled Java code, j=interpreted, Vv=VM code, C=native code)


Current CompileTask:
C2:  17579 4031   !   4       org.apache.catalina.startup.ContextConfig::populateJavaClassCache (159 bytes)


---------------  P R O C E S S  ---------------

Java Threads: ( => current thread )
  0x000000002034c800 JavaThread "Thread-2" daemon [_thread_in_native, id=12268, stack(0x000000001b0d0000,0x000000001b1d0000)]
  0x00000000182d6800 JavaThread "localhost-startStop-1" daemon [_thread_in_native, id=10464, stack(0x000000001afd0000,0x000000001b0d0000)]
  0x00000000189fb000 JavaThread "Tomcat-startStop-1" daemon [_thread_blocked, id=3780, stack(0x0000000019d00000,0x0000000019e00000)]
  0x0000000016175000 JavaThread "Service Thread" daemon [_thread_blocked, id=10736, stack(0x00000000169f0000,0x0000000016af0000)]
  0x00000000160fd000 JavaThread "C1 CompilerThread2" daemon [_thread_in_native, id=7960, stack(0x00000000168f0000,0x00000000169f0000)]
=>0x0000000014dec800 JavaThread "C2 CompilerThread1" daemon [_thread_in_native, id=6844, stack(0x00000000167f0000,0x00000000168f0000)]
  0x0000000014deb000 JavaThread "C2 CompilerThread0" daemon [_thread_in_native, id=11164, stack(0x00000000166f0000,0x00000000167f0000)]
  0x0000000014d9e000 JavaThread "Attach Listener" daemon [_thread_blocked, id=12252, stack(0x00000000165f0000,0x00000000166f0000)]
  0x00000000160f8800 JavaThread "Signal Dispatcher" daemon [_thread_blocked, id=11844, stack(0x00000000164f0000,0x00000000165f0000)]
  0x000000000273b000 JavaThread "Finalizer" daemon [_thread_blocked, id=8084, stack(0x0000000015ff0000,0x00000000160f0000)]
  0x0000000002730000 JavaThread "Reference Handler" daemon [_thread_blocked, id=6032, stack(0x0000000015ef0000,0x0000000015ff0000)]
  0x0000000002640800 JavaThread "main" [_thread_blocked, id=10744, stack(0x0000000002540000,0x0000000002640000)]

Other Threads:
  0x0000000014d56000 VMThread [stack: 0x0000000015df0000,0x0000000015ef0000] [id=5364]
  0x00000000161b6000 WatcherThread [stack: 0x0000000016af0000,0x0000000016bf0000] [id=10324]

VM state:not at safepoint (normal execution)

VM Mutex/Monitor currently owned by a thread: None

Heap:
 PSYoungGen      total 222208K, used 155074K [0x00000000eaf80000, 0x00000000fad00000, 0x0000000100000000)
  eden space 195072K, 67% used [0x00000000eaf80000,0x00000000f2f29220,0x00000000f6e00000)
  from space 27136K, 89% used [0x00000000f8b80000,0x00000000fa347820,0x00000000fa600000)
  to   space 30208K, 0% used [0x00000000f6e00000,0x00000000f6e00000,0x00000000f8b80000)
 ParOldGen       total 87552K, used 45946K [0x00000000c0e00000, 0x00000000c6380000, 0x00000000eaf80000)
  object space 87552K, 52% used [0x00000000c0e00000,0x00000000c3adeaf8,0x00000000c6380000)
 Metaspace       used 36719K, capacity 37348K, committed 37760K, reserved 1083392K
  class space    used 4393K, capacity 4620K, committed 4736K, reserved 1048576K

Card table byte_map: [0x0000000011b00000,0x0000000011d00000] byte_map_base: 0x00000000114f9000

Marking Bits: (ParMarkBitMap*) 0x00000000697cb6d0
 Begin Bits: [0x0000000012260000, 0x0000000013228000)
 End Bits:   [0x0000000013228000, 0x00000000141f0000)

Polling page: 0x0000000000910000

CodeCache: size=245760Kb used=13580Kb max_used=13580Kb free=232179Kb
 bounds [0x0000000002740000, 0x0000000003490000, 0x0000000011740000]
 total_blobs=5183 nmethods=4725 adapters=370
 compilation: enabled

Compilation events (10 events):
Event: 17.493 Thread 0x00000000160fd000 5425       2       org.apache.commons.logging.impl.WeakHashtable$Referenced::getValue (8 bytes)
Event: 17.493 Thread 0x00000000160fd000 nmethod 5425 0x0000000002e5a3d0 code [0x0000000002e5a520, 0x0000000002e5a670]
Event: 17.493 Thread 0x00000000160fd000 5426       2       sun.reflect.generics.repository.ClassRepository::getSuperInterfaces (77 bytes)
Event: 17.494 Thread 0x00000000160fd000 nmethod 5426 0x0000000002a30690 code [0x0000000002a30820, 0x0000000002a30cd8]
Event: 17.494 Thread 0x00000000160fd000 5427       2       java.util.LinkedList::addFirst (6 bytes)
Event: 17.494 Thread 0x00000000160fd000 nmethod 5427 0x0000000002e5a050 code [0x0000000002e5a1c0, 0x0000000002e5a328]
Event: 17.494 Thread 0x00000000160fd000 5428       2       java.util.LinkedList::linkFirst (59 bytes)
Event: 17.495 Thread 0x00000000160fd000 nmethod 5428 0x0000000002e59c10 code [0x0000000002e59d60, 0x0000000002e59f90]
Event: 17.496 Thread 0x00000000160fd000 5429       2       sun.nio.cs.StreamDecoder::implRead (243 bytes)
Event: 17.498 Thread 0x00000000160fd000 nmethod 5429 0x0000000002a2f5d0 code [0x0000000002a2f7c0, 0x0000000002a2ffa8]

GC Heap History (10 events):
Event: 7.842 GC heap before
{Heap before GC invocations=10 (full 1):
 PSYoungGen      total 139776K, used 130560K [0x00000000eaf80000, 0x00000000f4280000, 0x0000000100000000)
  eden space 130560K, 100% used [0x00000000eaf80000,0x00000000f2f00000,0x00000000f2f00000)
  from space 9216K, 0% used [0x00000000f3880000,0x00000000f3880000,0x00000000f4180000)
  to   space 9728K, 0% used [0x00000000f2f00000,0x00000000f2f00000,0x00000000f3880000)
 ParOldGen       total 43008K, used 13862K [0x00000000c0e00000, 0x00000000c3800000, 0x00000000eaf80000)
  object space 43008K, 32% used [0x00000000c0e00000,0x00000000c1b89990,0x00000000c3800000)
 Metaspace       used 23484K, capacity 23976K, committed 24192K, reserved 1071104K
  class space    used 2748K, capacity 2901K, committed 2944K, reserved 1048576K
Event: 7.871 GC heap after
Heap after GC invocations=10 (full 1):
 PSYoungGen      total 140288K, used 9707K [0x00000000eaf80000, 0x00000000f7200000, 0x0000000100000000)
  eden space 130560K, 0% used [0x00000000eaf80000,0x00000000eaf80000,0x00000000f2f00000)
  from space 9728K, 99% used [0x00000000f2f00000,0x00000000f387ae68,0x00000000f3880000)
  to   space 15360K, 0% used [0x00000000f6300000,0x00000000f6300000,0x00000000f7200000)
 ParOldGen       total 43008K, used 24817K [0x00000000c0e00000, 0x00000000c3800000, 0x00000000eaf80000)
  object space 43008K, 57% used [0x00000000c0e00000,0x00000000c263c470,0x00000000c3800000)
 Metaspace       used 23484K, capacity 23976K, committed 24192K, reserved 1071104K
  class space    used 2748K, capacity 2901K, committed 2944K, reserved 1048576K
}
Event: 8.618 GC heap before
{Heap before GC invocations=11 (full 1):
 PSYoungGen      total 140288K, used 140267K [0x00000000eaf80000, 0x00000000f7200000, 0x0000000100000000)
  eden space 130560K, 100% used [0x00000000eaf80000,0x00000000f2f00000,0x00000000f2f00000)
  from space 9728K, 99% used [0x00000000f2f00000,0x00000000f387ae68,0x00000000f3880000)
  to   space 15360K, 0% used [0x00000000f6300000,0x00000000f6300000,0x00000000f7200000)
 ParOldGen       total 43008K, used 24817K [0x00000000c0e00000, 0x00000000c3800000, 0x00000000eaf80000)
  object space 43008K, 57% used [0x00000000c0e00000,0x00000000c263c470,0x00000000c3800000)
 Metaspace       used 23487K, capacity 23976K, committed 24192K, reserved 1071104K
  class space    used 2748K, capacity 2901K, committed 2944K, reserved 1048576K
Event: 8.687 GC heap after
Heap after GC invocations=11 (full 1):
 PSYoungGen      total 177664K, used 15340K [0x00000000eaf80000, 0x00000000f8700000, 0x0000000100000000)
  eden space 162304K, 0% used [0x00000000eaf80000,0x00000000eaf80000,0x00000000f4e00000)
  from space 15360K, 99% used [0x00000000f6300000,0x00000000f71fb2f0,0x00000000f7200000)
  to   space 21504K, 0% used [0x00000000f4e00000,0x00000000f4e00000,0x00000000f6300000)
 ParOldGen       total 43008K, used 35827K [0x00000000c0e00000, 0x00000000c3800000, 0x00000000eaf80000)
  object space 43008K, 83% used [0x00000000c0e00000,0x00000000c30fcd50,0x00000000c3800000)
 Metaspace       used 23487K, capacity 23976K, committed 24192K, reserved 1071104K
  class space    used 2748K, capacity 2901K, committed 2944K, reserved 1048576K
}
Event: 8.687 GC heap before
{Heap before GC invocations=12 (full 2):
 PSYoungGen      total 177664K, used 15340K [0x00000000eaf80000, 0x00000000f8700000, 0x0000000100000000)
  eden space 162304K, 0% used [0x00000000eaf80000,0x00000000eaf80000,0x00000000f4e00000)
  from space 15360K, 99% used [0x00000000f6300000,0x00000000f71fb2f0,0x00000000f7200000)
  to   space 21504K, 0% used [0x00000000f4e00000,0x00000000f4e00000,0x00000000f6300000)
 ParOldGen       total 43008K, used 35827K [0x00000000c0e00000, 0x00000000c3800000, 0x00000000eaf80000)
  object space 43008K, 83% used [0x00000000c0e00000,0x00000000c30fcd50,0x00000000c3800000)
 Metaspace       used 23487K, capacity 23976K, committed 24192K, reserved 1071104K
  class space    used 2748K, capacity 2901K, committed 2944K, reserved 1048576K
Event: 9.059 GC heap after
Heap after GC invocations=12 (full 2):
 PSYoungGen      total 177664K, used 0K [0x00000000eaf80000, 0x00000000f8700000, 0x0000000100000000)
  eden space 162304K, 0% used [0x00000000eaf80000,0x00000000eaf80000,0x00000000f4e00000)
  from space 15360K, 0% used [0x00000000f6300000,0x00000000f6300000,0x00000000f7200000)
  to   space 21504K, 0% used [0x00000000f4e00000,0x00000000f4e00000,0x00000000f6300000)
 ParOldGen       total 87552K, used 36870K [0x00000000c0e00000, 0x00000000c6380000, 0x00000000eaf80000)
  object space 87552K, 42% used [0x00000000c0e00000,0x00000000c3201a18,0x00000000c6380000)
 Metaspace       used 23487K, capacity 23976K, committed 24192K, reserved 1071104K
  class space    used 2748K, capacity 2901K, committed 2944K, reserved 1048576K
}
Event: 10.311 GC heap before
{Heap before GC invocations=13 (full 2):
 PSYoungGen      total 177664K, used 162304K [0x00000000eaf80000, 0x00000000f8700000, 0x0000000100000000)
  eden space 162304K, 100% used [0x00000000eaf80000,0x00000000f4e00000,0x00000000f4e00000)
  from space 15360K, 0% used [0x00000000f6300000,0x00000000f6300000,0x00000000f7200000)
  to   space 21504K, 0% used [0x00000000f4e00000,0x00000000f4e00000,0x00000000f6300000)
 ParOldGen       total 87552K, used 36870K [0x00000000c0e00000, 0x00000000c6380000, 0x00000000eaf80000)
  object space 87552K, 42% used [0x00000000c0e00000,0x00000000c3201a18,0x00000000c6380000)
 Metaspace       used 23507K, capacity 23986K, committed 24192K, reserved 1071104K
  class space    used 2750K, capacity 2903K, committed 2944K, reserved 1048576K
Event: 10.365 GC heap after
Heap after GC invocations=13 (full 2):
 PSYoungGen      total 183808K, used 21472K [0x00000000eaf80000, 0x00000000fa600000, 0x0000000100000000)
  eden space 162304K, 0% used [0x00000000eaf80000,0x00000000eaf80000,0x00000000f4e00000)
  from space 21504K, 99% used [0x00000000f4e00000,0x00000000f62f8268,0x00000000f6300000)
  to   space 27136K, 0% used [0x00000000f8b80000,0x00000000f8b80000,0x00000000fa600000)
 ParOldGen       total 87552K, used 42449K [0x00000000c0e00000, 0x00000000c6380000, 0x00000000eaf80000)
  object space 87552K, 48% used [0x00000000c0e00000,0x00000000c3774410,0x00000000c6380000)
 Metaspace       used 23507K, capacity 23986K, committed 24192K, reserved 1071104K
  class space    used 2750K, capacity 2903K, committed 2944K, reserved 1048576K
}
Event: 11.483 GC heap before
{Heap before GC invocations=14 (full 2):
 PSYoungGen      total 183808K, used 183776K [0x00000000eaf80000, 0x00000000fa600000, 0x0000000100000000)
  eden space 162304K, 100% used [0x00000000eaf80000,0x00000000f4e00000,0x00000000f4e00000)
  from space 21504K, 99% used [0x00000000f4e00000,0x00000000f62f8268,0x00000000f6300000)
  to   space 27136K, 0% used [0x00000000f8b80000,0x00000000f8b80000,0x00000000fa600000)
 ParOldGen       total 87552K, used 42449K [0x00000000c0e00000, 0x00000000c6380000, 0x00000000eaf80000)
  object space 87552K, 48% used [0x00000000c0e00000,0x00000000c3774410,0x00000000c6380000)
 Metaspace       used 23562K, capacity 24082K, committed 24192K, reserved 1071104K
  class space    used 2756K, capacity 2935K, committed 2944K, reserved 1048576K
Event: 11.538 GC heap after
Heap after GC invocations=14 (full 2):
 PSYoungGen      total 222208K, used 24350K [0x00000000eaf80000, 0x00000000fad00000, 0x0000000100000000)
  eden space 195072K, 0% used [0x00000000eaf80000,0x00000000eaf80000,0x00000000f6e00000)
  from space 27136K, 89% used [0x00000000f8b80000,0x00000000fa347820,0x00000000fa600000)
  to   space 30208K, 0% used [0x00000000f6e00000,0x00000000f6e00000,0x00000000f8b80000)
 ParOldGen       total 87552K, used 45946K [0x00000000c0e00000, 0x00000000c6380000, 0x00000000eaf80000)
  object space 87552K, 52% used [0x00000000c0e00000,0x00000000c3adeaf8,0x00000000c6380000)
 Metaspace       used 23562K, capacity 24082K, committed 24192K, reserved 1071104K
  class space    used 2756K, capacity 2935K, committed 2944K, reserved 1048576K
}

Deoptimization events (10 events):
Event: 16.216 Thread 0x00000000182d6800 Uncommon trap: reason=unstable_if action=reinterpret pc=0x000000000339b7e4 method=java.io.File.isInvalid()Z @ 16
Event: 16.619 Thread 0x00000000182d6800 Uncommon trap: reason=bimorphic action=maybe_recompile pc=0x0000000002edaa3c method=java.util.HashMap.putVal(ILjava/lang/Object;Ljava/lang/Object;ZZ)Ljava/lang/Object; @ 253
Event: 16.752 Thread 0x00000000182d6800 Uncommon trap: reason=bimorphic action=maybe_recompile pc=0x0000000002edaa3c method=java.util.HashMap.putVal(ILjava/lang/Object;Ljava/lang/Object;ZZ)Ljava/lang/Object; @ 253
Event: 16.810 Thread 0x00000000182d6800 Uncommon trap: reason=bimorphic action=maybe_recompile pc=0x0000000002edaa3c method=java.util.HashMap.putVal(ILjava/lang/Object;Ljava/lang/Object;ZZ)Ljava/lang/Object; @ 253
Event: 16.908 Thread 0x00000000182d6800 Uncommon trap: reason=bimorphic action=maybe_recompile pc=0x0000000002edaa3c method=java.util.HashMap.putVal(ILjava/lang/Object;Ljava/lang/Object;ZZ)Ljava/lang/Object; @ 253
Event: 17.413 Thread 0x00000000182d6800 Uncommon trap: reason=bimorphic action=maybe_recompile pc=0x0000000002d16e2c method=java.util.regex.Pattern$5.isSatisfiedBy(I)Z @ 5
Event: 17.413 Thread 0x00000000182d6800 Uncommon trap: reason=bimorphic action=maybe_recompile pc=0x0000000002d16e2c method=java.util.regex.Pattern$5.isSatisfiedBy(I)Z @ 5
Event: 17.413 Thread 0x00000000182d6800 Uncommon trap: reason=bimorphic action=maybe_recompile pc=0x0000000002d16e2c method=java.util.regex.Pattern$5.isSatisfiedBy(I)Z @ 5
Event: 17.413 Thread 0x00000000182d6800 Uncommon trap: reason=bimorphic action=maybe_recompile pc=0x0000000002d16e2c method=java.util.regex.Pattern$5.isSatisfiedBy(I)Z @ 5
Event: 17.494 Thread 0x00000000182d6800 Uncommon trap: reason=unstable_if action=reinterpret pc=0x000000000313ef08 method=java.lang.ThreadLocal$ThreadLocalMap.getEntry(Ljava/lang/ThreadLocal;)Ljava/lang/ThreadLocal$ThreadLocalMap$Entry; @ 29

Internal exceptions (10 events):
Event: 17.453 Thread 0x00000000182d6800 Exception <a 'java/lang/ClassNotFoundException': org/springframework/web/servlet/DispatcherServletBeanInfo> (0x00000000f28750e0) thrown at [C:\re\workspace\8-2-build-windows-amd64-cygwin\jdk8u121\8372\hotspot\src\share\vm\classfile\systemDictionary.cpp, l
Event: 17.454 Thread 0x00000000182d6800 Exception <a 'java/lang/ClassNotFoundException': org/springframework/web/servlet/FrameworkServletBeanInfo> (0x00000000f2892d70) thrown at [C:\re\workspace\8-2-build-windows-amd64-cygwin\jdk8u121\8372\hotspot\src\share\vm\classfile\systemDictionary.cpp, li
Event: 17.456 Thread 0x00000000182d6800 Exception <a 'java/lang/ClassNotFoundException': org/springframework/web/servlet/HttpServletBeanBeanInfo> (0x00000000f28b0658) thrown at [C:\re\workspace\8-2-build-windows-amd64-cygwin\jdk8u121\8372\hotspot\src\share\vm\classfile\systemDictionary.cpp, lin
Event: 17.456 Thread 0x00000000182d6800 Exception <a 'java/lang/ClassNotFoundException': javax/servlet/http/HttpServletBeanInfo> (0x00000000f28c3648) thrown at [C:\re\workspace\8-2-build-windows-amd64-cygwin\jdk8u121\8372\hotspot\src\share\vm\classfile\systemDictionary.cpp, line 210]
Event: 17.457 Thread 0x00000000182d6800 Exception <a 'java/lang/ClassNotFoundException': javax/servlet/GenericServletBeanInfo> (0x00000000f28d5ff0) thrown at [C:\re\workspace\8-2-build-windows-amd64-cygwin\jdk8u121\8372\hotspot\src\share\vm\classfile\systemDictionary.cpp, line 210]
Event: 17.458 Thread 0x00000000182d6800 Exception <a 'java/lang/ClassNotFoundException': javax/servlet/GenericServletCustomizer> (0x00000000f28e8ef0) thrown at [C:\re\workspace\8-2-build-windows-amd64-cygwin\jdk8u121\8372\hotspot\src\share\vm\classfile\systemDictionary.cpp, line 210]
Event: 17.461 Thread 0x00000000182d6800 Exception <a 'java/lang/ClassNotFoundException': javax/servlet/http/HttpServletCustomizer> (0x00000000f2906288) thrown at [C:\re\workspace\8-2-build-windows-amd64-cygwin\jdk8u121\8372\hotspot\src\share\vm\classfile\systemDictionary.cpp, line 210]
Event: 17.462 Thread 0x00000000182d6800 Exception <a 'java/lang/ClassNotFoundException': org/springframework/web/servlet/HttpServletBeanCustomizer> (0x00000000f2927bf8) thrown at [C:\re\workspace\8-2-build-windows-amd64-cygwin\jdk8u121\8372\hotspot\src\share\vm\classfile\systemDictionary.cpp, l
Event: 17.464 Thread 0x00000000182d6800 Exception <a 'java/lang/ClassNotFoundException': org/springframework/web/servlet/FrameworkServletCustomizer> (0x00000000f2950900) thrown at [C:\re\workspace\8-2-build-windows-amd64-cygwin\jdk8u121\8372\hotspot\src\share\vm\classfile\systemDictionary.cpp, 
Event: 17.472 Thread 0x00000000182d6800 Exception <a 'java/lang/ClassNotFoundException': org/springframework/web/servlet/DispatcherServletCustomizer> (0x00000000f298ef28) thrown at [C:\re\workspace\8-2-build-windows-amd64-cygwin\jdk8u121\8372\hotspot\src\share\vm\classfile\systemDictionary.cpp,

Events (10 events):
Event: 17.472 loading class org/springframework/web/servlet/DispatcherServletCustomizer done
Event: 17.472 loading class org/springframework/web/servlet/DispatcherServletCustomizer
Event: 17.472 loading class org/springframework/web/servlet/DispatcherServletCustomizer done
Event: 17.491 loading class org/springframework/context/event/SourceFilteringListener
Event: 17.491 loading class org/springframework/context/event/SourceFilteringListener done
Event: 17.491 loading class org/springframework/web/servlet/FrameworkServlet$ContextRefreshListener
Event: 17.491 loading class org/springframework/web/servlet/FrameworkServlet$ContextRefreshListener done
Event: 17.494 Thread 0x00000000182d6800 Uncommon trap: trap_request=0xffffff65 fr.pc=0x000000000313ef08
Event: 17.494 Thread 0x00000000182d6800 DEOPT PACKING pc=0x000000000313ef08 sp=0x000000001b0ce720
Event: 17.494 Thread 0x00000000182d6800 DEOPT UNPACKING pc=0x000000000278582a sp=0x000000001b0ce5f0 mode 2


Dynamic libraries:
0x00007ff639270000 - 0x00007ff6392a7000 	G:\java-using\jdk\jre\bin\javaw.exe
0x00007ff9c9410000 - 0x00007ff9c95e1000 	C:\WINDOWS\SYSTEM32\ntdll.dll
0x00007ff9c81a0000 - 0x00007ff9c824c000 	C:\WINDOWS\System32\KERNEL32.DLL
0x00007ff9c5ad0000 - 0x00007ff9c5ced000 	C:\WINDOWS\System32\KERNELBASE.dll
0x00007ff9c88a0000 - 0x00007ff9c8942000 	C:\WINDOWS\System32\ADVAPI32.dll
0x00007ff9c8250000 - 0x00007ff9c82ee000 	C:\WINDOWS\System32\msvcrt.dll
0x00007ff9c9140000 - 0x00007ff9c9199000 	C:\WINDOWS\System32\sechost.dll
0x00007ff9c92e0000 - 0x00007ff9c9401000 	C:\WINDOWS\System32\RPCRT4.dll
0x00007ff9c7f70000 - 0x00007ff9c80d5000 	C:\WINDOWS\System32\USER32.dll
0x00007ff9c5fb0000 - 0x00007ff9c5fce000 	C:\WINDOWS\System32\win32u.dll
0x00007ff9c8160000 - 0x00007ff9c8194000 	C:\WINDOWS\System32\GDI32.dll
0x00007ff9c60e0000 - 0x00007ff9c6262000 	C:\WINDOWS\System32\gdi32full.dll
0x00007ff9b9690000 - 0x00007ff9b990a000 	C:\WINDOWS\WinSxS\amd64_microsoft.windows.common-controls_6595b64144ccf1df_6.0.14393.953_none_42151e83c686086b\COMCTL32.dll
0x00007ff9c8e70000 - 0x00007ff9c9138000 	C:\WINDOWS\System32\combase.dll
0x00007ff9c5e10000 - 0x00007ff9c5f05000 	C:\WINDOWS\System32\ucrtbase.dll
0x00007ff9c5da0000 - 0x00007ff9c5e0a000 	C:\WINDOWS\System32\bcryptPrimitives.dll
0x00007ff9c8850000 - 0x00007ff9c887e000 	C:\WINDOWS\System32\IMM32.DLL
0x0000000069850000 - 0x0000000069922000 	G:\java-using\jdk\jre\bin\msvcr100.dll
0x0000000068fb0000 - 0x000000006984b000 	G:\java-using\jdk\jre\bin\server\jvm.dll
0x00007ff9c80e0000 - 0x00007ff9c80e8000 	C:\WINDOWS\System32\PSAPI.DLL
0x00007ff9c30f0000 - 0x00007ff9c3113000 	C:\WINDOWS\SYSTEM32\WINMM.dll
0x00007ff9b5de0000 - 0x00007ff9b5dea000 	C:\WINDOWS\SYSTEM32\VERSION.dll
0x00007ff9a1d70000 - 0x00007ff9a1d79000 	C:\WINDOWS\SYSTEM32\WSOCK32.dll
0x00007ff9c30c0000 - 0x00007ff9c30eb000 	C:\WINDOWS\SYSTEM32\WINMMBASE.dll
0x00007ff9c6270000 - 0x00007ff9c62b2000 	C:\WINDOWS\System32\cfgmgr32.dll
0x00007ff9c8720000 - 0x00007ff9c878a000 	C:\WINDOWS\System32\ws2_32.DLL
0x0000000068fa0000 - 0x0000000068faf000 	G:\java-using\jdk\jre\bin\verify.dll
0x0000000068f70000 - 0x0000000068f99000 	G:\java-using\jdk\jre\bin\java.dll
0x0000000068f50000 - 0x0000000068f66000 	G:\java-using\jdk\jre\bin\zip.dll
0x00007ff9c69a0000 - 0x00007ff9c7ea8000 	C:\WINDOWS\System32\SHELL32.dll
0x00007ff9c62c0000 - 0x00007ff9c699a000 	C:\WINDOWS\System32\windows.storage.dll
0x00007ff9c58b0000 - 0x00007ff9c58fc000 	C:\WINDOWS\System32\powrprof.dll
0x00007ff9c8e10000 - 0x00007ff9c8e62000 	C:\WINDOWS\System32\shlwapi.dll
0x00007ff9c5890000 - 0x00007ff9c589f000 	C:\WINDOWS\System32\kernel.appcore.dll
0x00007ff9c5cf0000 - 0x00007ff9c5d99000 	C:\WINDOWS\System32\shcore.dll
0x00007ff9c5870000 - 0x00007ff9c5884000 	C:\WINDOWS\System32\profapi.dll
0x0000000068f30000 - 0x0000000068f4a000 	G:\java-using\jdk\jre\bin\net.dll
0x00007ff9c5120000 - 0x00007ff9c517c000 	C:\WINDOWS\system32\mswsock.dll
0x0000000068f10000 - 0x0000000068f21000 	G:\java-using\jdk\jre\bin\nio.dll
0x00007ff9c52c0000 - 0x00007ff9c52d7000 	C:\WINDOWS\SYSTEM32\CRYPTSP.dll
0x00007ff9c4d20000 - 0x00007ff9c4d53000 	C:\WINDOWS\system32\rsaenh.dll
0x00007ff9c57b0000 - 0x00007ff9c57db000 	C:\WINDOWS\SYSTEM32\bcrypt.dll
0x00007ff9c4fa0000 - 0x00007ff9c4fbf000 	C:\WINDOWS\SYSTEM32\USERENV.dll
0x00007ff9c57a0000 - 0x00007ff9c57ab000 	C:\WINDOWS\SYSTEM32\CRYPTBASE.dll
0x00007ff9c4ea0000 - 0x00007ff9c4ed8000 	C:\WINDOWS\SYSTEM32\IPHLPAPI.DLL
0x00007ff9c8b50000 - 0x00007ff9c8b58000 	C:\WINDOWS\System32\NSI.dll
0x00007ff9bf330000 - 0x00007ff9bf346000 	C:\WINDOWS\SYSTEM32\dhcpcsvc6.DLL
0x00007ff9c09d0000 - 0x00007ff9c09ea000 	C:\WINDOWS\SYSTEM32\dhcpcsvc.DLL
0x0000000068f00000 - 0x0000000068f0d000 	G:\java-using\jdk\jre\bin\management.dll

VM Arguments:
jvm_args: -Dmaven.home=G:\3shixun\eclipse-jee-neon-R-win32-x86_64\eclipse\maven\apache-maven-3.3.9 -Dclassworlds.conf=G:\3shixun\project\.metadata\.plugins\org.eclipse.m2e.launching\launches\m2conf5087663430511198276.tmp -Dmaven.multiModuleProjectDirectory=G:\3shixun\project\yueerMusic -Dfile.encoding=UTF-8 
java_command: org.codehaus.plexus.classworlds.launcher.Launcher -B -s G:\3shixun\eclipse-jee-neon-R-win32-x86_64\eclipse\maven\apache-maven-3.3.9\conf\settings.xml tomcat7:run
java_class_path (initial): G:\3shixun\eclipse-jee-neon-R-win32-x86_64\eclipse\maven\apache-maven-3.3.9\boot\plexus-classworlds-2.5.2.jar
Launcher Type: SUN_STANDARD

Environment Variables:
JAVA_HOME=G:\java-using\jdk
CLASSPATH=G:\java-using\aspecj\lib\aspectjrt.jar
PATH=G:/java-using/jre/bin/server;G:/java-using/jre/bin;G:/java-using/jre/lib/amd64;G:\oracle\oracle\product\11.2.0\dbhome_1\bin;C:\ProgramData\Oracle\Java\javapath;C:\Program Files (x86)\Intel\iCLS Client\;C:\Program Files\Intel\iCLS Client\;C:\WINDOWS\system32;C:\WINDOWS;C:\WINDOWS\System32\Wbem;C:\WINDOWS\System32\WindowsPowerShell\v1.0\;C:\Program Files\Microsoft SQL Server\110\Tools\Binn\;G:\java-using\jdk\bin;G:\mysols\bin;C:\Program Files (x86)\Windows Kits\8.1\Windows Performance Toolkit\;C:\Program Files\TortoiseSVN\bin;G:\OpenSSH\bin;C:\Program Files (x86)\GtkSharp\2.12\bin;G:\githud\Git\cmd;C:\Users\dzb\Anaconda3;C:\Users\dzb\Anaconda3\Scripts;G:\cocos2d-x\cocos2d-x-3.15.1\templates;G:\cocos2d-x\cocos2d-x-3.15.1\tools\cocos2d-console\bin;C:\Users\dzb\AppData\Local\Microsoft\WindowsApps;G:\Python\;G:\Python\Scripts\;C:\Program Files\MongoDB\Server\3.4\bin;G:\java-using\aspecj\bin.;G:\ORACLECLIET\OraClient Lite\product\11.2.0\client_lite\bin;G:\3shixun\eclipse-jee-neon-R-win32-x86_64\eclipse;
USERNAME=dzb
OS=Windows_NT
PROCESSOR_IDENTIFIER=Intel64 Family 6 Model 69 Stepping 1, GenuineIntel



---------------  S Y S T E M  ---------------

OS: Windows 10.0 , 64 bit Build 14393 (10.0.14393.1198)

CPU:total 4 (2 cores per cpu, 2 threads per core) family 6 model 69 stepping 1, cmov, cx8, fxsr, mmx, sse, sse2, sse3, ssse3, sse4.1, sse4.2, popcnt, avx, avx2, aes, clmul, erms, lzcnt, ht, tsc, tscinvbit, bmi1, bmi2

Memory: 4k page, physical 4133144k(492592k free), swap 7259808k(5192k free)

vm_info: Java HotSpot(TM) 64-Bit Server VM (25.121-b13) for windows-amd64 JRE (1.8.0_121-b13), built on Dec 12 2016 18:21:36 by "java_re" with MS VC++ 10.0 (VS2010)

time: Mon Jan 08 15:04:37 2018
elapsed time: 17 seconds (0d 0h 0m 17s)

