#
# There is insufficient memory for the Java Runtime Environment to continue.
# Native memory allocation (malloc) failed to allocate 207696 bytes for Chunk::new
# Possible reasons:
#   The system is out of physical RAM or swap space
#   In 32 bit mode, the process size limit was hit
# Possible solutions:
#   Reduce memory load on the system
#   Increase physical memory or swap space
#   Check if swap backing store is full
#   Use 64 bit Java on a 64 bit OS
#   Decrease Java heap size (-Xmx/-Xms)
#   Decrease number of Java threads
#   Decrease Java thread stack sizes (-Xss)
#   Set larger code cache with -XX:ReservedCodeCacheSize=
# This output file may be truncated or incomplete.
#
#  Out of Memory Error (allocation.cpp:390), pid=8920, tid=0x00000000000032b0
#
# JRE version: Java(TM) SE Runtime Environment (8.0_121-b13) (build 1.8.0_121-b13)
# Java VM: Java HotSpot(TM) 64-Bit Server VM (25.121-b13 mixed mode windows-amd64 compressed oops)
# Failed to write core dump. Minidumps are not enabled by default on client versions of Windows
#

---------------  T H R E A D  ---------------

Current thread (0x000000001631f000):  JavaThread "C2 CompilerThread1" daemon [_thread_in_native, id=12976, stack(0x00000000169d0000,0x0000000016ad0000)]

Stack: [0x00000000169d0000,0x0000000016ad0000]
[error occurred during error reporting (printing stack bounds), id 0xc0000005]

Native frames: (J=compiled Java code, j=interpreted, Vv=VM code, C=native code)


Current CompileTask:
C2:    763  530   !   4       sun.nio.cs.StreamDecoder::read (196 bytes)


---------------  P R O C E S S  ---------------

Java Threads: ( => current thread )
  0x000000001634c000 JavaThread "Service Thread" daemon [_thread_blocked, id=12356, stack(0x0000000016bd0000,0x0000000016cd0000)]
  0x000000001632a000 JavaThread "C1 CompilerThread2" daemon [_thread_blocked, id=9020, stack(0x0000000016ad0000,0x0000000016bd0000)]
=>0x000000001631f000 JavaThread "C2 CompilerThread1" daemon [_thread_in_native, id=12976, stack(0x00000000169d0000,0x0000000016ad0000)]
  0x0000000014fd9800 JavaThread "C2 CompilerThread0" daemon [_thread_in_native, id=6980, stack(0x00000000168d0000,0x00000000169d0000)]
  0x00000000162d8800 JavaThread "Attach Listener" daemon [_thread_blocked, id=1096, stack(0x00000000167d0000,0x00000000168d0000)]
  0x0000000014f8e000 JavaThread "Signal Dispatcher" daemon [_thread_blocked, id=10252, stack(0x00000000166d0000,0x00000000167d0000)]
  0x0000000014f69000 JavaThread "Finalizer" daemon [_thread_blocked, id=12612, stack(0x00000000161d0000,0x00000000162d0000)]
  0x0000000002921000 JavaThread "Reference Handler" daemon [_thread_blocked, id=2104, stack(0x00000000160d0000,0x00000000161d0000)]
  0x0000000002830800 JavaThread "main" [_thread_in_Java, id=10904, stack(0x0000000002730000,0x0000000002830000)]

Other Threads:
  0x0000000014f46800 VMThread [stack: 0x0000000015fd0000,0x00000000160d0000] [id=12348]
  0x0000000016396000 WatcherThread [stack: 0x0000000016cd0000,0x0000000016dd0000] [id=6396]

VM state:not at safepoint (normal execution)

VM Mutex/Monitor currently owned by a thread: None

Heap:
 PSYoungGen      total 18944K, used 5946K [0x00000000eaf80000, 0x00000000ec480000, 0x0000000100000000)
  eden space 16384K, 20% used [0x00000000eaf80000,0x00000000eb2d3728,0x00000000ebf80000)
  from space 2560K, 99% used [0x00000000ebf80000,0x00000000ec1fb240,0x00000000ec200000)
  to   space 2560K, 0% used [0x00000000ec200000,0x00000000ec200000,0x00000000ec480000)
 ParOldGen       total 44032K, used 1393K [0x00000000c0e00000, 0x00000000c3900000, 0x00000000eaf80000)
  object space 44032K, 3% used [0x00000000c0e00000,0x00000000c0f5c720,0x00000000c3900000)
 Metaspace       used 7638K, capacity 7816K, committed 7936K, reserved 1056768K
  class space    used 932K, capacity 988K, committed 1024K, reserved 1048576K

Card table byte_map: [0x0000000011cf0000,0x0000000011ef0000] byte_map_base: 0x00000000116e9000

Marking Bits: (ParMarkBitMap*) 0x00000000697cb6d0
 Begin Bits: [0x0000000012450000, 0x0000000013418000)
 End Bits:   [0x0000000013418000, 0x00000000143e0000)

Polling page: 0x0000000000a40000

CodeCache: size=245760Kb used=2503Kb max_used=2503Kb free=243256Kb
 bounds [0x0000000002930000, 0x0000000002bb0000, 0x0000000011930000]
 total_blobs=827 nmethods=538 adapters=202
 compilation: enabled

Compilation events (10 events):
Event: 0.750 Thread 0x000000001632a000 nmethod 526 0x0000000002b83890 code [0x0000000002b83a00, 0x0000000002b83c48]
Event: 0.750 Thread 0x000000001632a000  527   !   3       sun.nio.cs.StreamDecoder::read0 (116 bytes)
Event: 0.751 Thread 0x000000001632a000 nmethod 527 0x0000000002b8fd90 code [0x0000000002b8ff20, 0x0000000002b90488]
Event: 0.751 Thread 0x000000001632a000  537       3       org.codehaus.plexus.util.xml.pull.MXParser::isS (30 bytes)
Event: 0.751 Thread 0x000000001632a000 nmethod 537 0x0000000002b90610 code [0x0000000002b90780, 0x0000000002b909d0]
Event: 0.751 Thread 0x000000001632a000  538       3       org.codehaus.plexus.util.xml.pull.MXParser::isNameStartChar (63 bytes)
Event: 0.751 Thread 0x000000001632a000 nmethod 538 0x0000000002b90dd0 code [0x0000000002b90f40, 0x0000000002b912d0]
Event: 0.751 Thread 0x000000001632a000  542       3       org.codehaus.plexus.util.xml.pull.MXParser::parseEndTag (444 bytes)
Event: 0.754 Thread 0x000000001632a000 nmethod 542 0x0000000002b913d0 code [0x0000000002b91980, 0x0000000002b94e08]
Event: 0.754 Thread 0x000000001632a000  541       3       org.codehaus.plexus.util.xml.pull.MXParser::parseStartTag (1195 bytes)

GC Heap History (2 events):
Event: 0.688 GC heap before
{Heap before GC invocations=1 (full 0):
 PSYoungGen      total 18944K, used 16384K [0x00000000eaf80000, 0x00000000ec480000, 0x0000000100000000)
  eden space 16384K, 100% used [0x00000000eaf80000,0x00000000ebf80000,0x00000000ebf80000)
  from space 2560K, 0% used [0x00000000ec200000,0x00000000ec200000,0x00000000ec480000)
  to   space 2560K, 0% used [0x00000000ebf80000,0x00000000ebf80000,0x00000000ec200000)
 ParOldGen       total 44032K, used 0K [0x00000000c0e00000, 0x00000000c3900000, 0x00000000eaf80000)
  object space 44032K, 0% used [0x00000000c0e00000,0x00000000c0e00000,0x00000000c3900000)
 Metaspace       used 7257K, capacity 7464K, committed 7680K, reserved 1056768K
  class space    used 878K, capacity 956K, committed 1024K, reserved 1048576K
Event: 0.693 GC heap after
Heap after GC invocations=1 (full 0):
 PSYoungGen      total 18944K, used 2540K [0x00000000eaf80000, 0x00000000ec480000, 0x0000000100000000)
  eden space 16384K, 0% used [0x00000000eaf80000,0x00000000eaf80000,0x00000000ebf80000)
  from space 2560K, 99% used [0x00000000ebf80000,0x00000000ec1fb240,0x00000000ec200000)
  to   space 2560K, 0% used [0x00000000ec200000,0x00000000ec200000,0x00000000ec480000)
 ParOldGen       total 44032K, used 1393K [0x00000000c0e00000, 0x00000000c3900000, 0x00000000eaf80000)
  object space 44032K, 3% used [0x00000000c0e00000,0x00000000c0f5c720,0x00000000c3900000)
 Metaspace       used 7257K, capacity 7464K, committed 7680K, reserved 1056768K
  class space    used 878K, capacity 956K, committed 1024K, reserved 1048576K
}

Deoptimization events (1 events):
Event: 0.727 Thread 0x0000000002830800 Uncommon trap: reason=unstable_if action=reinterpret pc=0x0000000002acb7e4 method=org.codehaus.plexus.util.xml.pull.MXParser.more()C @ 8

Internal exceptions (10 events):
Event: 0.718 Thread 0x0000000002830800 Exception <a 'java/lang/ArrayIndexOutOfBoundsException'> (0x00000000eb0ab888) thrown at [C:\re\workspace\8-2-build-windows-amd64-cygwin\jdk8u121\8372\hotspot\src\share\vm\runtime\sharedRuntime.cpp, line 605]
Event: 0.718 Thread 0x0000000002830800 Exception <a 'java/lang/ArrayIndexOutOfBoundsException'> (0x00000000eb0acfc8) thrown at [C:\re\workspace\8-2-build-windows-amd64-cygwin\jdk8u121\8372\hotspot\src\share\vm\runtime\sharedRuntime.cpp, line 605]
Event: 0.719 Thread 0x0000000002830800 Exception <a 'java/lang/ArrayIndexOutOfBoundsException'> (0x00000000eb0ae0f0) thrown at [C:\re\workspace\8-2-build-windows-amd64-cygwin\jdk8u121\8372\hotspot\src\share\vm\runtime\sharedRuntime.cpp, line 605]
Event: 0.719 Thread 0x0000000002830800 Exception <a 'java/lang/ArrayIndexOutOfBoundsException'> (0x00000000eb0aef10) thrown at [C:\re\workspace\8-2-build-windows-amd64-cygwin\jdk8u121\8372\hotspot\src\share\vm\runtime\sharedRuntime.cpp, line 605]
Event: 0.719 Thread 0x0000000002830800 Exception <a 'java/lang/ArrayIndexOutOfBoundsException'> (0x00000000eb0b0718) thrown at [C:\re\workspace\8-2-build-windows-amd64-cygwin\jdk8u121\8372\hotspot\src\share\vm\runtime\sharedRuntime.cpp, line 605]
Event: 0.719 Thread 0x0000000002830800 Exception <a 'java/lang/ArrayIndexOutOfBoundsException'> (0x00000000eb0b1b58) thrown at [C:\re\workspace\8-2-build-windows-amd64-cygwin\jdk8u121\8372\hotspot\src\share\vm\runtime\sharedRuntime.cpp, line 605]
Event: 0.719 Thread 0x0000000002830800 Exception <a 'java/lang/ArrayIndexOutOfBoundsException'> (0x00000000eb0b3a58) thrown at [C:\re\workspace\8-2-build-windows-amd64-cygwin\jdk8u121\8372\hotspot\src\share\vm\runtime\sharedRuntime.cpp, line 605]
Event: 0.719 Thread 0x0000000002830800 Exception <a 'java/lang/ArrayIndexOutOfBoundsException'> (0x00000000eb0b57a8) thrown at [C:\re\workspace\8-2-build-windows-amd64-cygwin\jdk8u121\8372\hotspot\src\share\vm\runtime\sharedRuntime.cpp, line 605]
Event: 0.719 Thread 0x0000000002830800 Exception <a 'java/lang/ArrayIndexOutOfBoundsException'> (0x00000000eb0b6d00) thrown at [C:\re\workspace\8-2-build-windows-amd64-cygwin\jdk8u121\8372\hotspot\src\share\vm\runtime\sharedRuntime.cpp, line 605]
Event: 0.720 Thread 0x0000000002830800 Exception <a 'java/lang/ArrayIndexOutOfBoundsException'> (0x00000000eb0b8260) thrown at [C:\re\workspace\8-2-build-windows-amd64-cygwin\jdk8u121\8372\hotspot\src\share\vm\runtime\sharedRuntime.cpp, line 605]

Events (10 events):
Event: 0.749 loading class org/eclipse/sisu/space/CloningClassSpace
Event: 0.749 loading class org/eclipse/sisu/space/CloningClassSpace done
Event: 0.749 loading class org/eclipse/sisu/space/CloningClassSpace$1
Event: 0.749 loading class org/eclipse/sisu/space/CloningClassSpace$1 done
Event: 0.750 loading class org/eclipse/sisu/space/CloningClassSpace$CloningClassLoader
Event: 0.750 loading class org/eclipse/sisu/space/CloningClassSpace$CloningClassLoader done
Event: 0.760 loading class org/apache/maven/lifecycle/Lifecycle
Event: 0.760 loading class org/apache/maven/lifecycle/Lifecycle done
Event: 0.762 loading class org/sonatype/plexus/components/sec/dispatcher/SecDispatcher
Event: 0.762 loading class org/sonatype/plexus/components/sec/dispatcher/SecDispatcher done


Dynamic libraries:
0x00007ff7769b0000 - 0x00007ff7769e7000 	G:\java-using\jdk\jre\bin\javaw.exe
0x00007ff9c9410000 - 0x00007ff9c95e1000 	C:\WINDOWS\SYSTEM32\ntdll.dll
0x00007ff9c81a0000 - 0x00007ff9c824c000 	C:\WINDOWS\System32\KERNEL32.DLL
0x00007ff9c5ad0000 - 0x00007ff9c5ced000 	C:\WINDOWS\System32\KERNELBASE.dll
0x00007ff9c88a0000 - 0x00007ff9c8942000 	C:\WINDOWS\System32\ADVAPI32.dll
0x00007ff9c8250000 - 0x00007ff9c82ee000 	C:\WINDOWS\System32\msvcrt.dll
0x00007ff9c9140000 - 0x00007ff9c9199000 	C:\WINDOWS\System32\sechost.dll
0x00007ff9c92e0000 - 0x00007ff9c9401000 	C:\WINDOWS\System32\RPCRT4.dll
0x00007ff9c7f70000 - 0x00007ff9c80d5000 	C:\WINDOWS\System32\USER32.dll
0x00007ff9c5fb0000 - 0x00007ff9c5fce000 	C:\WINDOWS\System32\win32u.dll
0x00007ff9c8160000 - 0x00007ff9c8194000 	C:\WINDOWS\System32\GDI32.dll
0x00007ff9c60e0000 - 0x00007ff9c6262000 	C:\WINDOWS\System32\gdi32full.dll
0x00007ff9b9690000 - 0x00007ff9b990a000 	C:\WINDOWS\WinSxS\amd64_microsoft.windows.common-controls_6595b64144ccf1df_6.0.14393.953_none_42151e83c686086b\COMCTL32.dll
0x00007ff9c8e70000 - 0x00007ff9c9138000 	C:\WINDOWS\System32\combase.dll
0x00007ff9c5e10000 - 0x00007ff9c5f05000 	C:\WINDOWS\System32\ucrtbase.dll
0x00007ff9c5da0000 - 0x00007ff9c5e0a000 	C:\WINDOWS\System32\bcryptPrimitives.dll
0x00007ff9c8850000 - 0x00007ff9c887e000 	C:\WINDOWS\System32\IMM32.DLL
0x0000000069850000 - 0x0000000069922000 	G:\java-using\jdk\jre\bin\msvcr100.dll
0x0000000068fb0000 - 0x000000006984b000 	G:\java-using\jdk\jre\bin\server\jvm.dll
0x00007ff9c80e0000 - 0x00007ff9c80e8000 	C:\WINDOWS\System32\PSAPI.DLL
0x00007ff9a1d70000 - 0x00007ff9a1d79000 	C:\WINDOWS\SYSTEM32\WSOCK32.dll
0x00007ff9c8720000 - 0x00007ff9c878a000 	C:\WINDOWS\System32\WS2_32.dll
0x00007ff9c30f0000 - 0x00007ff9c3113000 	C:\WINDOWS\SYSTEM32\WINMM.dll
0x00007ff9b5de0000 - 0x00007ff9b5dea000 	C:\WINDOWS\SYSTEM32\VERSION.dll
0x00007ff9c30c0000 - 0x00007ff9c30eb000 	C:\WINDOWS\SYSTEM32\WINMMBASE.dll
0x00007ff9c6270000 - 0x00007ff9c62b2000 	C:\WINDOWS\System32\cfgmgr32.dll
0x0000000068fa0000 - 0x0000000068faf000 	G:\java-using\jdk\jre\bin\verify.dll
0x0000000068f70000 - 0x0000000068f99000 	G:\java-using\jdk\jre\bin\java.dll
0x0000000068f50000 - 0x0000000068f66000 	G:\java-using\jdk\jre\bin\zip.dll
0x00007ff9c69a0000 - 0x00007ff9c7ea8000 	C:\WINDOWS\System32\SHELL32.dll
0x00007ff9c62c0000 - 0x00007ff9c699a000 	C:\WINDOWS\System32\windows.storage.dll
0x00007ff9c58b0000 - 0x00007ff9c58fc000 	C:\WINDOWS\System32\powrprof.dll
0x00007ff9c8e10000 - 0x00007ff9c8e62000 	C:\WINDOWS\System32\shlwapi.dll
0x00007ff9c5890000 - 0x00007ff9c589f000 	C:\WINDOWS\System32\kernel.appcore.dll
0x00007ff9c5cf0000 - 0x00007ff9c5d99000 	C:\WINDOWS\System32\shcore.dll
0x00007ff9c5870000 - 0x00007ff9c5884000 	C:\WINDOWS\System32\profapi.dll

VM Arguments:
jvm_args: -Dmaven.home=G:\3shixun\eclipse-jee-neon-R-win32-x86_64\eclipse\maven\apache-maven-3.3.9 -Dclassworlds.conf=G:\3shixun\project\.metadata\.plugins\org.eclipse.m2e.launching\launches\m2conf2761201025082911147.tmp -Dmaven.multiModuleProjectDirectory=G:\3shixun\project\yueerMusic -Dfile.encoding=UTF-8 
java_command: org.codehaus.plexus.classworlds.launcher.Launcher -B -s G:\3shixun\eclipse-jee-neon-R-win32-x86_64\eclipse\maven\apache-maven-3.3.9\conf\settings.xml tomcat7:run
java_class_path (initial): G:\3shixun\eclipse-jee-neon-R-win32-x86_64\eclipse\maven\apache-maven-3.3.9\boot\plexus-classworlds-2.5.2.jar
Launcher Type: SUN_STANDARD

Environment Variables:
JAVA_HOME=G:\java-using\jdk
CLASSPATH=G:\java-using\aspecj\lib\aspectjrt.jar
PATH=G:/java-using/jre/bin/server;G:/java-using/jre/bin;G:/java-using/jre/lib/amd64;G:\oracle\oracle\product\11.2.0\dbhome_1\bin;C:\ProgramData\Oracle\Java\javapath;C:\Program Files (x86)\Intel\iCLS Client\;C:\Program Files\Intel\iCLS Client\;C:\WINDOWS\system32;C:\WINDOWS;C:\WINDOWS\System32\Wbem;C:\WINDOWS\System32\WindowsPowerShell\v1.0\;C:\Program Files\Microsoft SQL Server\110\Tools\Binn\;G:\java-using\jdk\bin;G:\mysols\bin;C:\Program Files (x86)\Windows Kits\8.1\Windows Performance Toolkit\;C:\Program Files\TortoiseSVN\bin;G:\OpenSSH\bin;C:\Program Files (x86)\GtkSharp\2.12\bin;G:\githud\Git\cmd;C:\Users\dzb\Anaconda3;C:\Users\dzb\Anaconda3\Scripts;G:\cocos2d-x\cocos2d-x-3.15.1\templates;G:\cocos2d-x\cocos2d-x-3.15.1\tools\cocos2d-console\bin;C:\Users\dzb\AppData\Local\Microsoft\WindowsApps;G:\Python\;G:\Python\Scripts\;C:\Program Files\MongoDB\Server\3.4\bin;G:\java-using\aspecj\bin.;G:\ORACLECLIET\OraClient Lite\product\11.2.0\client_lite\bin;G:\3shixun\eclipse-jee-neon-R-win32-x86_64\eclipse;
USERNAME=dzb
OS=Windows_NT
PROCESSOR_IDENTIFIER=Intel64 Family 6 Model 69 Stepping 1, GenuineIntel



---------------  S Y S T E M  ---------------

OS: Windows 10.0 , 64 bit Build 14393 (10.0.14393.1198)

CPU:total 4 (2 cores per cpu, 2 threads per core) family 6 model 69 stepping 1, cmov, cx8, fxsr, mmx, sse, sse2, sse3, ssse3, sse4.1, sse4.2, popcnt, avx, avx2, aes, clmul, erms, lzcnt, ht, tsc, tscinvbit, bmi1, bmi2

Memory: 4k page, physical 4133144k(1124324k free), swap 7259808k(5248k free)

vm_info: Java HotSpot(TM) 64-Bit Server VM (25.121-b13) for windows-amd64 JRE (1.8.0_121-b13), built on Dec 12 2016 18:21:36 by "java_re" with MS VC++ 10.0 (VS2010)

time: Mon Jan 08 16:57:39 2018
elapsed time: 0 seconds (0d 0h 0m 0s)

