#
# There is insufficient memory for the Java Runtime Environment to continue.
# Native memory allocation (malloc) failed to allocate 131088 bytes for Chunk::new
# Possible reasons:
#   The system is out of physical RAM or swap space
#   In 32 bit mode, the process size limit was hit
# Possible solutions:
#   Reduce memory load on the system
#   Increase physical memory or swap space
#   Check if swap backing store is full
#   Use 64 bit Java on a 64 bit OS
#   Decrease Java heap size (-Xmx/-Xms)
#   Decrease number of Java threads
#   Decrease Java thread stack sizes (-Xss)
#   Set larger code cache with -XX:ReservedCodeCacheSize=
# This output file may be truncated or incomplete.
#
#  Out of Memory Error (allocation.cpp:390), pid=3036, tid=0x00000000000023cc
#
# JRE version: Java(TM) SE Runtime Environment (8.0_121-b13) (build 1.8.0_121-b13)
# Java VM: Java HotSpot(TM) 64-Bit Server VM (25.121-b13 mixed mode windows-amd64 compressed oops)
# Failed to write core dump. Minidumps are not enabled by default on client versions of Windows
#

---------------  T H R E A D  ---------------

Current thread (0x0000000015dce000):  JavaThread "Unknown thread" daemon [_thread_in_native, id=9164, stack(0x00000000177d0000,0x00000000178d0000)]

Stack: [0x00000000177d0000,0x00000000178d0000]
[error occurred during error reporting (printing stack bounds), id 0xc0000005]

Native frames: (J=compiled Java code, j=interpreted, Vv=VM code, C=native code)


Current CompileTask:
C2:  21971 4024   !   4       org.apache.catalina.startup.ContextConfig::populateJavaClassCache (159 bytes)


---------------  P R O C E S S  ---------------

Java Threads: ( => current thread )
  0x0000000017c23000 JavaThread "Unknown thread" daemon [_thread_blocked, id=7760, stack(0x000000001d160000,0x000000001d260000)]
  0x000000001a4b7000 
[error occurred during error reporting (printing all threads), id 0xc0000005]

VM state:at safepoint (normal execution)

VM Mutex/Monitor currently owned by a thread:  ([mutex/lock_event])
[0x000000000361c890] Threads_lock - owner thread: 0x0000000015d36800
[0x000000000361c990] Heap_lock - owner thread: 0x0000000003620800

Heap:
 PSYoungGen      total 231424K, used 12910K [0x00000000eaf80000, 0x00000000fac80000, 0x0000000100000000)
  eden space 205824K, 0% used [0x00000000eaf80000,0x00000000eaf80000,0x00000000f7880000)
  from space 25600K, 50% used [0x00000000f9380000,0x00000000fa01bb00,0x00000000fac80000)
  to   space 26624K, 0% used [0x00000000f7880000,0x00000000f7880000,0x00000000f9280000)
 ParOldGen       total 86528K, used 47766K [0x00000000c0e00000, 0x00000000c6280000, 0x00000000eaf80000)
  object space 86528K, 55% used [0x00000000c0e00000,0x00000000c3ca5b48,0x00000000c6280000)
 Metaspace       used 23537K, capacity 24082K, committed 24192K, reserved 1071104K
  class space    used 2757K, capacity 2935K, committed 2944K, reserved 1048576K

Card table byte_map: [0x0000000012ae0000,0x0000000012ce0000] byte_map_base: 0x00000000124d9000

Marking Bits: (ParMarkBitMap*) 0x0000000051c3b6d0
 Begin Bits: [0x0000000013240000, 0x0000000014208000)
 End Bits:   [0x0000000014208000, 0x00000000151d0000)

Polling page: 0x0000000001890000

CodeCache: size=245760Kb used=12416Kb max_used=13172Kb free=233343Kb
 bounds [0x0000000003720000, 0x0000000004410000, 0x0000000012720000]
 total_blobs=3936 nmethods=3545 adapters=303
 compilation: enabled

Compilation events (10 events):
Event: 20.427 Thread 0x00000000170f7000 nmethod 4067 0x000000000406ed90 code [0x000000000406efe0, 0x000000000406fe48]
Event: 20.999 Thread 0x00000000170f7000 4069       3       org.apache.catalina.deploy.WebXml::mergeMap (162 bytes)
Event: 21.000 Thread 0x00000000170f7000 nmethod 4069 0x0000000003cf6410 code [0x0000000003cf66e0, 0x0000000003cf7c68]
Event: 21.347 Thread 0x00000000170f7000 4071       3       org.apache.tomcat.util.bcel.classfile.ArrayElementValue::<init> (45 bytes)
Event: 21.348 Thread 0x00000000170f7000 nmethod 4071 0x000000000440cd50 code [0x000000000440cf40, 0x000000000440d858]
Event: 21.752 Thread 0x00000000170f7000 4074       2       java.io.FilterInputStream::available (8 bytes)
Event: 21.753 Thread 0x00000000170f7000 nmethod 4074 0x0000000003cf6090 code [0x0000000003cf6200, 0x0000000003cf6388]
Event: 21.780 Thread 0x00000000170f7000 4075       1       java.util.Calendar::getZone (5 bytes)
Event: 21.780 Thread 0x00000000170f7000 nmethod 4075 0x0000000003d4cb10 code [0x0000000003d4cc60, 0x0000000003d4cd70]
Event: 21.795 Thread 0x00000000170f7000 4076       1       java.util.Formatter::access$000 (5 bytes)

GC Heap History (10 events):
Event: 16.387 GC heap after
Heap after GC invocations=10 (full 1):
 PSYoungGen      total 140288K, used 9707K [0x00000000eaf80000, 0x00000000f7900000, 0x0000000100000000)
  eden space 130560K, 0% used [0x00000000eaf80000,0x00000000eaf80000,0x00000000f2f00000)
  from space 9728K, 99% used [0x00000000f2f00000,0x00000000f387af90,0x00000000f3880000)
  to   space 15360K, 0% used [0x00000000f6a00000,0x00000000f6a00000,0x00000000f7900000)
 ParOldGen       total 40448K, used 23574K [0x00000000c0e00000, 0x00000000c3580000, 0x00000000eaf80000)
  object space 40448K, 58% used [0x00000000c0e00000,0x00000000c2505910,0x00000000c3580000)
 Metaspace       used 23495K, capacity 23976K, committed 24192K, reserved 1071104K
  class space    used 2750K, capacity 2901K, committed 2944K, reserved 1048576K
}
Event: 18.161 GC heap before
{Heap before GC invocations=11 (full 1):
 PSYoungGen      total 140288K, used 140267K [0x00000000eaf80000, 0x00000000f7900000, 0x0000000100000000)
  eden space 130560K, 100% used [0x00000000eaf80000,0x00000000f2f00000,0x00000000f2f00000)
  from space 9728K, 99% used [0x00000000f2f00000,0x00000000f387af90,0x00000000f3880000)
  to   space 15360K, 0% used [0x00000000f6a00000,0x00000000f6a00000,0x00000000f7900000)
 ParOldGen       total 40448K, used 23574K [0x00000000c0e00000, 0x00000000c3580000, 0x00000000eaf80000)
  object space 40448K, 58% used [0x00000000c0e00000,0x00000000c2505910,0x00000000c3580000)
 Metaspace       used 23498K, capacity 23976K, committed 24192K, reserved 1071104K
  class space    used 2750K, capacity 2901K, committed 2944K, reserved 1048576K
Event: 18.243 GC heap after
Heap after GC invocations=11 (full 1):
 PSYoungGen      total 184832K, used 15349K [0x00000000eaf80000, 0x00000000f8d80000, 0x0000000100000000)
  eden space 169472K, 0% used [0x00000000eaf80000,0x00000000eaf80000,0x00000000f5500000)
  from space 15360K, 99% used [0x00000000f6a00000,0x00000000f78fd550,0x00000000f7900000)
  to   space 21504K, 0% used [0x00000000f5500000,0x00000000f5500000,0x00000000f6a00000)
 ParOldGen       total 40448K, used 34824K [0x00000000c0e00000, 0x00000000c3580000, 0x00000000eaf80000)
  object space 40448K, 86% used [0x00000000c0e00000,0x00000000c30022c0,0x00000000c3580000)
 Metaspace       used 23498K, capacity 23976K, committed 24192K, reserved 1071104K
  class space    used 2750K, capacity 2901K, committed 2944K, reserved 1048576K
}
Event: 18.243 GC heap before
{Heap before GC invocations=12 (full 2):
 PSYoungGen      total 184832K, used 15349K [0x00000000eaf80000, 0x00000000f8d80000, 0x0000000100000000)
  eden space 169472K, 0% used [0x00000000eaf80000,0x00000000eaf80000,0x00000000f5500000)
  from space 15360K, 99% used [0x00000000f6a00000,0x00000000f78fd550,0x00000000f7900000)
  to   space 21504K, 0% used [0x00000000f5500000,0x00000000f5500000,0x00000000f6a00000)
 ParOldGen       total 40448K, used 34824K [0x00000000c0e00000, 0x00000000c3580000, 0x00000000eaf80000)
  object space 40448K, 86% used [0x00000000c0e00000,0x00000000c30022c0,0x00000000c3580000)
 Metaspace       used 23498K, capacity 23976K, committed 24192K, reserved 1071104K
  class space    used 2750K, capacity 2901K, committed 2944K, reserved 1048576K
Event: 18.683 GC heap after
Heap after GC invocations=12 (full 2):
 PSYoungGen      total 184832K, used 0K [0x00000000eaf80000, 0x00000000f8d80000, 0x0000000100000000)
  eden space 169472K, 0% used [0x00000000eaf80000,0x00000000eaf80000,0x00000000f5500000)
  from space 15360K, 0% used [0x00000000f6a00000,0x00000000f6a00000,0x00000000f7900000)
  to   space 21504K, 0% used [0x00000000f5500000,0x00000000f5500000,0x00000000f6a00000)
 ParOldGen       total 86528K, used 37127K [0x00000000c0e00000, 0x00000000c6280000, 0x00000000eaf80000)
  object space 86528K, 42% used [0x00000000c0e00000,0x00000000c3241ff8,0x00000000c6280000)
 Metaspace       used 23498K, capacity 23976K, committed 24192K, reserved 1071104K
  class space    used 2750K, capacity 2901K, committed 2944K, reserved 1048576K
}
Event: 20.862 GC heap before
{Heap before GC invocations=13 (full 2):
 PSYoungGen      total 184832K, used 169472K [0x00000000eaf80000, 0x00000000f8d80000, 0x0000000100000000)
  eden space 169472K, 100% used [0x00000000eaf80000,0x00000000f5500000,0x00000000f5500000)
  from space 15360K, 0% used [0x00000000f6a00000,0x00000000f6a00000,0x00000000f7900000)
  to   space 21504K, 0% used [0x00000000f5500000,0x00000000f5500000,0x00000000f6a00000)
 ParOldGen       total 86528K, used 37127K [0x00000000c0e00000, 0x00000000c6280000, 0x00000000eaf80000)
  object space 86528K, 42% used [0x00000000c0e00000,0x00000000c3241ff8,0x00000000c6280000)
 Metaspace       used 23515K, capacity 24072K, committed 24192K, reserved 1071104K
  class space    used 2753K, capacity 2933K, committed 2944K, reserved 1048576K
Event: 20.940 GC heap after
Heap after GC invocations=13 (full 2):
 PSYoungGen      total 190976K, used 21487K [0x00000000eaf80000, 0x00000000fae80000, 0x0000000100000000)
  eden space 169472K, 0% used [0x00000000eaf80000,0x00000000eaf80000,0x00000000f5500000)
  from space 21504K, 99% used [0x00000000f5500000,0x00000000f69fbd40,0x00000000f6a00000)
  to   space 27648K, 0% used [0x00000000f9380000,0x00000000f9380000,0x00000000fae80000)
 ParOldGen       total 86528K, used 43737K [0x00000000c0e00000, 0x00000000c6280000, 0x00000000eaf80000)
  object space 86528K, 50% used [0x00000000c0e00000,0x00000000c38b6478,0x00000000c6280000)
 Metaspace       used 23515K, capacity 24072K, committed 24192K, reserved 1071104K
  class space    used 2753K, capacity 2933K, committed 2944K, reserved 1048576K
}
Event: 21.795 GC heap before
{Heap before GC invocations=14 (full 2):
 PSYoungGen      total 190976K, used 95053K [0x00000000eaf80000, 0x00000000fae80000, 0x0000000100000000)
  eden space 169472K, 43% used [0x00000000eaf80000,0x00000000ef7578a8,0x00000000f5500000)
  from space 21504K, 99% used [0x00000000f5500000,0x00000000f69fbd40,0x00000000f6a00000)
  to   space 27648K, 0% used [0x00000000f9380000,0x00000000f9380000,0x00000000fae80000)
 ParOldGen       total 86528K, used 43737K [0x00000000c0e00000, 0x00000000c6280000, 0x00000000eaf80000)
  object space 86528K, 50% used [0x00000000c0e00000,0x00000000c38b6478,0x00000000c6280000)
 Metaspace       used 23537K, capacity 24082K, committed 24192K, reserved 1071104K
  class space    used 2757K, capacity 2935K, committed 2944K, reserved 1048576K
Event: 21.905 GC heap after
Heap after GC invocations=14 (full 2):
 PSYoungGen      total 231424K, used 12910K [0x00000000eaf80000, 0x00000000fac80000, 0x0000000100000000)
  eden space 205824K, 0% used [0x00000000eaf80000,0x00000000eaf80000,0x00000000f7880000)
  from space 25600K, 50% used [0x00000000f9380000,0x00000000fa01bb00,0x00000000fac80000)
  to   space 26624K, 0% used [0x00000000f7880000,0x00000000f7880000,0x00000000f9280000)
 ParOldGen       total 86528K, used 47766K [0x00000000c0e00000, 0x00000000c6280000, 0x00000000eaf80000)
  object space 86528K, 55% used [0x00000000c0e00000,0x00000000c3ca5b48,0x00000000c6280000)
 Metaspace       used 23537K, capacity 24082K, committed 24192K, reserved 1071104K
  class space    used 2757K, capacity 2935K, committed 2944K, reserved 1048576K
}
Event: 21.906 GC heap before
{Heap before GC invocations=15 (full 3):
 PSYoungGen      total 231424K, used 12910K [0x00000000eaf80000, 0x00000000fac80000, 0x0000000100000000)
  eden space 205824K, 0% used [0x00000000eaf80000,0x00000000eaf80000,0x00000000f7880000)
  from space 25600K, 50% used [0x00000000f9380000,0x00000000fa01bb00,0x00000000fac80000)
  to   space 26624K, 0% used [0x00000000f7880000,0x00000000f7880000,0x00000000f9280000)
 ParOldGen       total 86528K, used 47766K [0x00000000c0e00000, 0x00000000c6280000, 0x00000000eaf80000)
  object space 86528K, 55% used [0x00000000c0e00000,0x00000000c3ca5b48,0x00000000c6280000)
 Metaspace       used 23537K, capacity 24082K, committed 24192K, reserved 1071104K
  class space    used 2757K, capacity 2935K, committed 2944K, reserved 1048576K

Deoptimization events (10 events):
Event: 14.009 Thread 0x0000000017c23000 Uncommon trap: reason=unstable_if action=reinterpret pc=0x00000000038e0b38 method=com.sun.org.apache.xerces.internal.impl.XMLEntityScanner.peekChar()I @ 14
Event: 14.340 Thread 0x0000000017c23000 Uncommon trap: reason=unstable_if action=reinterpret pc=0x00000000040ba92c method=java.util.concurrent.ConcurrentHashMap.replaceNode(Ljava/lang/Object;Ljava/lang/Object;Ljava/lang/Object;)Ljava/lang/Object; @ 47
Event: 15.667 Thread 0x0000000017c23000 Uncommon trap: reason=unloaded action=reinterpret pc=0x0000000004336e9c method=org.apache.tomcat.util.bcel.classfile.Constant.readConstant(Ljava/io/DataInputStream;)Lorg/apache/tomcat/util/bcel/classfile/Constant; @ 146
Event: 15.726 Thread 0x0000000017c23000 Uncommon trap: reason=unloaded action=reinterpret pc=0x000000000437de60 method=org.apache.tomcat.util.bcel.classfile.Attribute.readAttribute(Ljava/io/DataInputStream;Lorg/apache/tomcat/util/bcel/classfile/ConstantPool;)Lorg/apache/tomcat/util/bcel/classfi
Event: 15.762 Thread 0x0000000017c23000 Uncommon trap: reason=unstable_if action=reinterpret pc=0x000000000385aa58 method=org.codehaus.plexus.classworlds.realm.Entry.matches(Ljava/lang/String;)Z @ 209
Event: 15.945 Thread 0x0000000017c23000 Uncommon trap: reason=unstable_if action=reinterpret pc=0x000000000432f5bc method=java.io.DataInputStream.readUTF(Ljava/io/DataInput;)Ljava/lang/String; @ 112
Event: 16.009 Thread 0x0000000017c23000 Uncommon trap: reason=unstable_if action=reinterpret pc=0x0000000003b49414 method=org.apache.tomcat.util.bcel.classfile.ConstantUtf8$1.removeEldestEntry(Ljava/util/Map$Entry;)Z @ 7
Event: 16.106 Thread 0x0000000017c23000 Uncommon trap: reason=unstable_if action=reinterpret pc=0x00000000043f4ae4 method=java.util.HashMap.removeNode(ILjava/lang/Object;Ljava/lang/Object;ZZ)Ljava/util/HashMap$Node; @ 71
Event: 17.284 Thread 0x0000000017c23000 Uncommon trap: reason=unstable_if action=reinterpret pc=0x000000000434cf40 method=java.util.LinkedHashMap.afterNodeAccess(Ljava/util/HashMap$Node;)V @ 41
Event: 20.418 Thread 0x0000000017c23000 Uncommon trap: reason=unstable_if action=reinterpret pc=0x00000000043fc704 method=org.apache.catalina.startup.ContextConfig.getSCIsForClass(Ljava/lang/String;)Ljava/util/Set; @ 62

Internal exceptions (10 events):
Event: 5.471 Thread 0x0000000003620800 Implicit null exception at 0x00000000039e002f to 0x00000000039e0099
Event: 5.608 Thread 0x0000000003620800 Implicit null exception at 0x0000000003d57ca1 to 0x0000000003d58e15
Event: 5.764 Thread 0x0000000003620800 Implicit null exception at 0x0000000003a4247b to 0x0000000003a42b01
Event: 8.760 Thread 0x0000000003620800 Implicit null exception at 0x0000000003fda0b9 to 0x0000000003fdb1d5
Event: 11.251 Thread 0x0000000003620800 Exception <a 'java/io/FileNotFoundException'> (0x00000000eecbb4c8) thrown at [C:\re\workspace\8-2-build-windows-amd64-cygwin\jdk8u121\8372\hotspot\src\share\vm\prims\jni.cpp, line 709]
Event: 13.765 Thread 0x0000000017c23000 Implicit null exception at 0x0000000003afa654 to 0x0000000003afaa0d
Event: 13.765 Thread 0x0000000017c23000 Implicit null exception at 0x000000000393ecd6 to 0x000000000393f081
Event: 14.340 Thread 0x0000000017c23000 Implicit null exception at 0x00000000040ba3a9 to 0x00000000040ba8f1
Event: 17.284 Thread 0x0000000017c23000 Implicit null exception at 0x000000000434c93b to 0x000000000434cf11
Event: 21.777 Thread 0x0000000017c23000 Exception <a 'java/lang/OutOfMemoryError'> (0x00000000ef3e9de0) thrown at [C:\re\workspace\8-2-build-windows-amd64-cygwin\jdk8u121\8372\hotspot\src\share\vm\prims\jni.cpp, line 735]

Events (10 events):
Event: 21.779 loading class java/lang/Throwable$WrappedPrintWriter done
Event: 21.779 Executing VM operation: RevokeBias
Event: 21.779 Executing VM operation: RevokeBias done
Event: 21.781 Executing VM operation: RevokeBias
Event: 21.781 Executing VM operation: RevokeBias done
Event: 21.782 Executing VM operation: RevokeBias
Event: 21.782 Executing VM operation: RevokeBias done
Event: 21.782 Executing VM operation: RevokeBias
Event: 21.782 Executing VM operation: RevokeBias done
Event: 21.795 Executing VM operation: ParallelGCSystemGC


Dynamic libraries:
0x00007ff6238b0000 - 0x00007ff6238e7000 	G:\java-using\jdk\jre\bin\javaw.exe
0x00007ffdf7c80000 - 0x00007ffdf7e51000 	C:\WINDOWS\SYSTEM32\ntdll.dll
0x00007ffdf6060000 - 0x00007ffdf610c000 	C:\WINDOWS\System32\KERNEL32.DLL
0x00007ffdf4ff0000 - 0x00007ffdf520d000 	C:\WINDOWS\System32\KERNELBASE.dll
0x00007ffdf58f0000 - 0x00007ffdf5992000 	C:\WINDOWS\System32\ADVAPI32.dll
0x00007ffdf5f50000 - 0x00007ffdf5fee000 	C:\WINDOWS\System32\msvcrt.dll
0x00007ffdf5a60000 - 0x00007ffdf5ab9000 	C:\WINDOWS\System32\sechost.dll
0x00007ffdf6310000 - 0x00007ffdf6431000 	C:\WINDOWS\System32\RPCRT4.dll
0x00007ffdf54b0000 - 0x00007ffdf5615000 	C:\WINDOWS\System32\USER32.dll
0x00007ffdf4c00000 - 0x00007ffdf4c1e000 	C:\WINDOWS\System32\win32u.dll
0x00007ffdf6110000 - 0x00007ffdf6144000 	C:\WINDOWS\System32\GDI32.dll
0x00007ffdf4a70000 - 0x00007ffdf4bf2000 	C:\WINDOWS\System32\gdi32full.dll
0x00007ffde8c30000 - 0x00007ffde8eaa000 	C:\WINDOWS\WinSxS\amd64_microsoft.windows.common-controls_6595b64144ccf1df_6.0.14393.953_none_42151e83c686086b\COMCTL32.dll
0x00007ffdf5620000 - 0x00007ffdf58e8000 	C:\WINDOWS\System32\combase.dll
0x00007ffdf41e0000 - 0x00007ffdf42d5000 	C:\WINDOWS\System32\ucrtbase.dll
0x00007ffdf4170000 - 0x00007ffdf41da000 	C:\WINDOWS\System32\bcryptPrimitives.dll
0x00007ffdf5240000 - 0x00007ffdf526e000 	C:\WINDOWS\System32\IMM32.DLL
0x0000000051cc0000 - 0x0000000051d92000 	G:\java-using\jdk\jre\bin\msvcr100.dll
0x0000000051420000 - 0x0000000051cbb000 	G:\java-using\jdk\jre\bin\server\jvm.dll
0x00007ffdf5210000 - 0x00007ffdf5218000 	C:\WINDOWS\System32\PSAPI.DLL
0x00007ffddb120000 - 0x00007ffddb129000 	C:\WINDOWS\SYSTEM32\WSOCK32.dll
0x00007ffdf7c10000 - 0x00007ffdf7c7a000 	C:\WINDOWS\System32\WS2_32.dll
0x00007ffdf1010000 - 0x00007ffdf1033000 	C:\WINDOWS\SYSTEM32\WINMM.dll
0x00007ffde4aa0000 - 0x00007ffde4aaa000 	C:\WINDOWS\SYSTEM32\VERSION.dll
0x00007ffdf0fe0000 - 0x00007ffdf100b000 	C:\WINDOWS\SYSTEM32\WINMMBASE.dll
0x00007ffdf4fa0000 - 0x00007ffdf4fe2000 	C:\WINDOWS\System32\cfgmgr32.dll
0x0000000051410000 - 0x000000005141f000 	G:\java-using\jdk\jre\bin\verify.dll
0x00000000513e0000 - 0x0000000051409000 	G:\java-using\jdk\jre\bin\java.dll
0x00000000513c0000 - 0x00000000513d6000 	G:\java-using\jdk\jre\bin\zip.dll
0x00007ffdf6640000 - 0x00007ffdf7b48000 	C:\WINDOWS\System32\SHELL32.dll
0x00007ffdf42e0000 - 0x00007ffdf49ba000 	C:\WINDOWS\System32\windows.storage.dll
0x00007ffdf4120000 - 0x00007ffdf416c000 	C:\WINDOWS\System32\powrprof.dll
0x00007ffdf6440000 - 0x00007ffdf6492000 	C:\WINDOWS\System32\shlwapi.dll
0x00007ffdf4110000 - 0x00007ffdf411f000 	C:\WINDOWS\System32\kernel.appcore.dll
0x00007ffdf49c0000 - 0x00007ffdf4a69000 	C:\WINDOWS\System32\shcore.dll
0x00007ffdf40e0000 - 0x00007ffdf40f4000 	C:\WINDOWS\System32\profapi.dll
0x00000000513a0000 - 0x00000000513ba000 	G:\java-using\jdk\jre\bin\net.dll
0x00007ffdf3990000 - 0x00007ffdf39ec000 	C:\WINDOWS\system32\mswsock.dll
0x0000000051380000 - 0x0000000051391000 	G:\java-using\jdk\jre\bin\nio.dll
0x00007ffdf3b30000 - 0x00007ffdf3b47000 	C:\WINDOWS\SYSTEM32\CRYPTSP.dll
0x00007ffdf3590000 - 0x00007ffdf35c3000 	C:\WINDOWS\system32\rsaenh.dll
0x00007ffdf4020000 - 0x00007ffdf404b000 	C:\WINDOWS\SYSTEM32\bcrypt.dll
0x00007ffdf3810000 - 0x00007ffdf382f000 	C:\WINDOWS\SYSTEM32\USERENV.dll
0x00007ffdf4010000 - 0x00007ffdf401b000 	C:\WINDOWS\SYSTEM32\CRYPTBASE.dll
0x00007ffdf3710000 - 0x00007ffdf3748000 	C:\WINDOWS\SYSTEM32\IPHLPAPI.DLL
0x00007ffdf5230000 - 0x00007ffdf5238000 	C:\WINDOWS\System32\NSI.dll
0x00007ffdef180000 - 0x00007ffdef196000 	C:\WINDOWS\SYSTEM32\dhcpcsvc6.DLL
0x00007ffdef2f0000 - 0x00007ffdef30a000 	C:\WINDOWS\SYSTEM32\dhcpcsvc.DLL
0x0000000051370000 - 0x000000005137d000 	G:\java-using\jdk\jre\bin\management.dll

VM Arguments:
jvm_args: -Dmaven.home=G:\3shixun\eclipse-jee-neon-R-win32-x86_64\eclipse\maven\apache-maven-3.3.9 -Dclassworlds.conf=G:\3shixun\project\.metadata\.plugins\org.eclipse.m2e.launching\launches\m2conf6619689251902470489.tmp -Dmaven.multiModuleProjectDirectory=G:\3shixun\project\yueerMusic -Dfile.encoding=UTF-8 
java_command: org.codehaus.plexus.classworlds.launcher.Launcher -B -s G:\3shixun\eclipse-jee-neon-R-win32-x86_64\eclipse\maven\apache-maven-3.3.9\conf\settings.xml tomcat7:run
java_class_path (initial): G:\3shixun\eclipse-jee-neon-R-win32-x86_64\eclipse\maven\apache-maven-3.3.9\boot\plexus-classworlds-2.5.2.jar
Launcher Type: SUN_STANDARD

Environment Variables:
JAVA_HOME=G:\java-using\jdk
CLASSPATH=G:\java-using\aspecj\lib\aspectjrt.jar
PATH=G:/java-using/jre/bin/server;G:/java-using/jre/bin;G:/java-using/jre/lib/amd64;G:\oracle\oracle\product\11.2.0\dbhome_1\bin;C:\ProgramData\Oracle\Java\javapath;C:\Program Files (x86)\Intel\iCLS Client\;C:\Program Files\Intel\iCLS Client\;C:\WINDOWS\system32;C:\WINDOWS;C:\WINDOWS\System32\Wbem;C:\WINDOWS\System32\WindowsPowerShell\v1.0\;C:\Program Files\Microsoft SQL Server\110\Tools\Binn\;G:\java-using\jdk\bin;G:\mysols\bin;C:\Program Files (x86)\Windows Kits\8.1\Windows Performance Toolkit\;C:\Program Files\TortoiseSVN\bin;G:\OpenSSH\bin;C:\Program Files (x86)\GtkSharp\2.12\bin;G:\githud\Git\cmd;C:\Users\dzb\Anaconda3;C:\Users\dzb\Anaconda3\Scripts;G:\cocos2d-x\cocos2d-x-3.15.1\templates;G:\cocos2d-x\cocos2d-x-3.15.1\tools\cocos2d-console\bin;C:\Users\dzb\AppData\Local\Microsoft\WindowsApps;G:\Python\;G:\Python\Scripts\;C:\Program Files\MongoDB\Server\3.4\bin;G:\java-using\aspecj\bin.;G:\ORACLECLIET\OraClient Lite\product\11.2.0\client_lite\bin;G:\3shixun\eclipse-jee-neon-R-win32-x86_64\eclipse;
USERNAME=dzb
OS=Windows_NT
PROCESSOR_IDENTIFIER=Intel64 Family 6 Model 69 Stepping 1, GenuineIntel



---------------  S Y S T E M  ---------------

OS: Windows 10.0 , 64 bit Build 14393 (10.0.14393.1198)

CPU:total 4 (2 cores per cpu, 2 threads per core) family 6 model 69 stepping 1, cmov, cx8, fxsr, mmx, sse, sse2, sse3, ssse3, sse4.1, sse4.2, popcnt, avx, avx2, aes, clmul, erms, lzcnt, ht, tsc, tscinvbit, bmi1, bmi2

Memory: 4k page, physical 4133144k(814904k free), swap 7499864k(2656k free)

vm_info: Java HotSpot(TM) 64-Bit Server VM (25.121-b13) for windows-amd64 JRE (1.8.0_121-b13), built on Dec 12 2016 18:21:36 by "java_re" with MS VC++ 10.0 (VS2010)

time: Fri Jan 05 14:21:36 2018
elapsed time: 22 seconds (0d 0h 0m 22s)

